00:00:00.002369 VirtualBox DHCP Server 7.1.2 r164945 linux.amd64 (Sep 27 2024 17:46:37) release log
00:00:00.002370 Log opened 2024-10-12T00:38:47.880632000Z
00:00:00.002371 Build Type: release
00:00:00.002372 OS Product: Linux
00:00:00.002373 OS Release: 6.11.2-arch1-1
00:00:00.002373 OS Version: #1 SMP PREEMPT_DYNAMIC Fri, 04 Oct 2024 21:51:11 +0000
00:00:00.002390 DMI Product Name: X570 AORUS ELITE
00:00:00.002397 DMI Product Version: -CF
00:00:00.002401 Firmware type: UEFI
00:00:00.002788 Secure Boot: Disabled
00:00:00.002813 Host RAM: 15937MB (15.5GB) total, 13602MB (13.2GB) available
00:00:00.002814 Executable: /usr/lib/virtualbox/VBoxNetDHCP
00:00:00.002815 Process ID: 3315
00:00:00.002815 Package type: LINUX_64BITS_GENERIC (OSE)
00:00:00.002827 --config:  HostInterfaceNetworking-vboxnet0
00:00:00.002828 --comment: HostInterfaceNetworking-vboxnet0
00:00:00.002905 IP address:   192.168.56.100/24
00:00:00.002907 Address pool: 192.168.56.101 - 192.168.56.254
00:00:00.002920 MAC address is not specified: will use generated MAC 08:00:27:ab:03:16
00:00:00.002923 Db::i_enterFixedAddressAssignment: 08:00:27:ab:03:16: 192.168.56.100
00:00:00.002925 loading leases from /home/kinveth/.config/VirtualBox/HostInterfaceNetworking-vboxnet0-Dhcpd.leases
00:00:00.003138 > LOAD: EXPIRED lease 192.168.56.101 to [01:08:00:27:e2:a0:e3] (08:00:27:e2:a0:e3), expired, valid from 2024-10-10T03:37:57Z for 600s until 2024-10-10T03:47:57Z
00:00:00.003156 SUP: Opened VMMR0.r0 (/usr/lib/virtualbox/VMMR0.r0) at 0xXXXXXXXXXXXXXXXX.
00:19:05.835085 DISCOVER xid 0x7170d4a1 chaddr 08:00:27:e2:a0:e3
00:19:05.835122  ciaddr 0.0.0.0
00:19:05.835128  client id: 01 08 00 27 e2 a0 e3
00:19:05.835133  params { 1 28 2 121 3 15 6 12 119 26 }
00:19:05.835162   12: 'OPNsense'
00:19:05.835167 > allocateAddress to client [01:08:00:27:e2:a0:e3] (08:00:27:e2:a0:e3)
00:19:05.835173 > ... found existing binding 192.168.56.101 to [01:08:00:27:e2:a0:e3] (08:00:27:e2:a0:e3), expired, valid from 2024-10-10T03:37:57Z for 600s until 2024-10-10T03:47:57Z
00:19:05.835192 Lease time 600 secs (default)
00:19:05.835197 >>> requested option 1 (SubnetMask)
00:19:05.835200 ... always supplied
00:19:05.835202 >>> requested option 28 (BroadcastAddress)
00:19:05.835205 ... not found
00:19:05.835208 >>> requested option 2 (TimeOffset)
00:19:05.835210 ... not found
00:19:05.835213 >>> requested option 121 (unknown)
00:19:05.835216 ... not found
00:19:05.835218 >>> requested option 3 (Routers)
00:19:05.835221 ... not found
00:19:05.835223 >>> requested option 15 (DomainName)
00:19:05.835226 ... not found
00:19:05.835228 >>> requested option 6 (DNSes)
00:19:05.835231 ... not found
00:19:05.835233 >>> requested option 12 (HostName)
00:19:05.835236 ... not found
00:19:05.835238 >>> requested option 119 (DomainSearch)
00:19:05.835241 ... not found
00:19:05.835243 >>> requested option 26 (InterfaceMTU)
00:19:05.835246 ... not found
00:19:05.835254 encoding option 1 (SubnetMask)
00:19:05.835257 encoding option 51 (LeaseTime)
00:19:05.835260 OFFER xid 0x7170d4a1 chaddr 08:00:27:e2:a0:e3
00:19:05.835268  ciaddr 0.0.0.0 yiaddr 192.168.56.101
00:19:05.835277 encoded message: 548 bytes
00:19:05.835278 000071e1600012e0/0000: 02 01 06 00 a1 d4 70 71-00 00 00 00 00 00 00 00 ......pq........
00:19:05.835281 000071e1600012f0/0010: c0 a8 38 65 00 00 00 00-00 00 00 00 08 00 27 e2 ..8e..........'.
00:19:05.835283 000071e160001300/0020: a0 e3 00 00 00 00 00 00-00 00 00 00 00 00 00 00 ................
00:19:05.835284 000071e160001310/0030: 00 00 00 00 00 00 00 00-00 00 00 00 00 00 00 00 ................
00:19:05.835286 000071e160001320/0040: 00 00 00 00 00 00 00 00-00 00 00 00 00 00 00 00 ................
00:19:05.835288 000071e160001330/0050: 00 00 00 00 00 00 00 00-00 00 00 00 00 00 00 00 ................
00:19:05.835290 000071e160001340/0060: 00 00 00 00 00 00 00 00-00 00 00 00 00 00 00 00 ................
00:19:05.835292 000071e160001350/0070: 00 00 00 00 00 00 00 00-00 00 00 00 00 00 00 00 ................
00:19:05.835294 000071e160001360/0080: 00 00 00 00 00 00 00 00-00 00 00 00 00 00 00 00 ................
00:19:05.835295 000071e160001370/0090: 00 00 00 00 00 00 00 00-00 00 00 00 00 00 00 00 ................
00:19:05.835297 000071e160001380/00a0: 00 00 00 00 00 00 00 00-00 00 00 00 00 00 00 00 ................
00:19:05.835299 000071e160001390/00b0: 00 00 00 00 00 00 00 00-00 00 00 00 00 00 00 00 ................
00:19:05.835300 000071e1600013a0/00c0: 00 00 00 00 00 00 00 00-00 00 00 00 00 00 00 00 ................
00:19:05.835302 000071e1600013b0/00d0: 00 00 00 00 00 00 00 00-00 00 00 00 00 00 00 00 ................
00:19:05.835303 000071e1600013c0/00e0: 00 00 00 00 00 00 00 00-00 00 00 00 63 82 53 63 ............c.Sc
00:19:05.835305 000071e1600013d0/00f0: 36 04 c0 a8 38 64 35 01-02 01 04 ff ff ff 00 33 6...8d5........3
00:19:05.835307 000071e1600013e0/0100: 04 00 00 02 58 ff 00 00-00 00 00 00 00 00 00 00 ....X...........
00:19:05.835309 000071e1600013f0/0110: 00 00 00 00 00 00 00 00-00 00 00 00 00 00 00 00 ................
00:19:05.835311 000071e160001400/0120: 00 00 00 00 00 00 00 00-00 00 00 00 00 00 00 00 ................
00:19:05.835312 000071e160001410/0130: 00 00 00 00 00 00 00 00-00 00 00 00 00 00 00 00 ................
00:19:05.835318 000071e160001420/0140: 00 00 00 00 00 00 00 00-00 00 00 00 00 00 00 00 ................
00:19:05.835320 000071e160001430/0150: 00 00 00 00 00 00 00 00-00 00 00 00 00 00 00 00 ................
00:19:05.835322 000071e160001440/0160: 00 00 00 00 00 00 00 00-00 00 00 00 00 00 00 00 ................
00:19:05.835324 000071e160001450/0170: 00 00 00 00 00 00 00 00-00 00 00 00 00 00 00 00 ................
00:19:05.835325 000071e160001460/0180: 00 00 00 00 00 00 00 00-00 00 00 00 00 00 00 00 ................
00:19:05.835327 000071e160001470/0190: 00 00 00 00 00 00 00 00-00 00 00 00 00 00 00 00 ................
00:19:05.835329 000071e160001480/01a0: 00 00 00 00 00 00 00 00-00 00 00 00 00 00 00 00 ................
00:19:05.835331 000071e160001490/01b0: 00 00 00 00 00 00 00 00-00 00 00 00 00 00 00 00 ................
00:19:05.835333 000071e1600014a0/01c0: 00 00 00 00 00 00 00 00-00 00 00 00 00 00 00 00 ................
00:19:05.835334 000071e1600014b0/01d0: 00 00 00 00 00 00 00 00-00 00 00 00 00 00 00 00 ................
00:19:05.835336 000071e1600014c0/01e0: 00 00 00 00 00 00 00 00-00 00 00 00 00 00 00 00 ................
00:19:05.835338 000071e1600014d0/01f0: 00 00 00 00 00 00 00 00-00 00 00 00 00 00 00 00 ................
00:19:05.835340 000071e1600014e0/0200: 00 00 00 00 00 00 00 00-00 00 00 00 00 00 00 00 ................
00:19:05.835342 000071e1600014f0/0210: 00 00 00 00 00 00 00 00-00 00 00 00 00 00 00 00 ................
00:19:05.835343 000071e160001500/0220: 00 00 00 00                                     ....
00:19:07.953688 REQUEST xid 0x7170d4a1 chaddr 08:00:27:e2:a0:e3
00:19:07.953727  ciaddr 0.0.0.0
00:19:07.953733  for server 192.168.56.100 client id: 01 08 00 27 e2 a0 e3
00:19:07.953742  requested address 192.168.56.101
00:19:07.953749  params { 1 28 2 121 3 15 6 12 119 26 }
00:19:07.953778   12: 'OPNsense'
00:19:07.953782   54: c0 a8 38 64
00:19:07.953787 > allocateAddress 192.168.56.101 to client [01:08:00:27:e2:a0:e3] (08:00:27:e2:a0:e3)
00:19:07.953796 > ... found existing binding 192.168.56.101 to [01:08:00:27:e2:a0:e3] (08:00:27:e2:a0:e3), offered, valid from 2024-10-12T00:57:53Z for 600s until 2024-10-12T01:07:53Z
00:19:07.953805 Lease time 600 secs (default)
00:19:07.953808 writing leases to /home/kinveth/.config/VirtualBox/HostInterfaceNetworking-vboxnet0-Dhcpd.leases
00:19:07.956773 >>> requested option 1 (SubnetMask)
00:19:07.956782 ... always supplied
00:19:07.956785 >>> requested option 28 (BroadcastAddress)
00:19:07.956787 ... not found
00:19:07.956789 >>> requested option 2 (TimeOffset)
00:19:07.956792 ... not found
00:19:07.956794 >>> requested option 121 (unknown)
00:19:07.956796 ... not found
00:19:07.956798 >>> requested option 3 (Routers)
00:19:07.956800 ... not found
00:19:07.956802 >>> requested option 15 (DomainName)
00:19:07.956805 ... not found
00:19:07.956807 >>> requested option 6 (DNSes)
00:19:07.956809 ... not found
00:19:07.956811 >>> requested option 12 (HostName)
00:19:07.956821 ... not found
00:19:07.956824 >>> requested option 119 (DomainSearch)
00:19:07.956826 ... not found
00:19:07.956828 >>> requested option 26 (InterfaceMTU)
00:19:07.956830 ... not found
00:19:07.956836 encoding option 1 (SubnetMask)
00:19:07.956839 encoding option 51 (LeaseTime)
00:19:07.956843 ACK xid 0x7170d4a1 chaddr 08:00:27:e2:a0:e3
00:19:07.956850  ciaddr 0.0.0.0 yiaddr 192.168.56.101
00:19:07.956857 encoded message: 548 bytes
00:19:07.956859 000071e1600012e0/0000: 02 01 06 00 a1 d4 70 71-00 00 00 00 00 00 00 00 ......pq........
00:19:07.956863 000071e1600012f0/0010: c0 a8 38 65 00 00 00 00-00 00 00 00 08 00 27 e2 ..8e..........'.
00:19:07.956866 000071e160001300/0020: a0 e3 00 00 00 00 00 00-00 00 00 00 00 00 00 00 ................
00:19:07.956868 000071e160001310/0030: 00 00 00 00 00 00 00 00-00 00 00 00 00 00 00 00 ................
00:19:07.956871 000071e160001320/0040: 00 00 00 00 00 00 00 00-00 00 00 00 00 00 00 00 ................
00:19:07.956873 000071e160001330/0050: 00 00 00 00 00 00 00 00-00 00 00 00 00 00 00 00 ................
00:19:07.956876 000071e160001340/0060: 00 00 00 00 00 00 00 00-00 00 00 00 00 00 00 00 ................
00:19:07.956879 000071e160001350/0070: 00 00 00 00 00 00 00 00-00 00 00 00 00 00 00 00 ................
00:19:07.956882 000071e160001360/0080: 00 00 00 00 00 00 00 00-00 00 00 00 00 00 00 00 ................
00:19:07.956884 000071e160001370/0090: 00 00 00 00 00 00 00 00-00 00 00 00 00 00 00 00 ................
00:19:07.956887 000071e160001380/00a0: 00 00 00 00 00 00 00 00-00 00 00 00 00 00 00 00 ................
00:19:07.956889 000071e160001390/00b0: 00 00 00 00 00 00 00 00-00 00 00 00 00 00 00 00 ................
00:19:07.956892 000071e1600013a0/00c0: 00 00 00 00 00 00 00 00-00 00 00 00 00 00 00 00 ................
00:19:07.956894 000071e1600013b0/00d0: 00 00 00 00 00 00 00 00-00 00 00 00 00 00 00 00 ................
00:19:07.956896 000071e1600013c0/00e0: 00 00 00 00 00 00 00 00-00 00 00 00 63 82 53 63 ............c.Sc
00:19:07.956899 000071e1600013d0/00f0: 36 04 c0 a8 38 64 35 01-05 01 04 ff ff ff 00 33 6...8d5........3
00:19:07.956901 000071e1600013e0/0100: 04 00 00 02 58 ff 00 00-00 00 00 00 00 00 00 00 ....X...........
00:19:07.956904 000071e1600013f0/0110: 00 00 00 00 00 00 00 00-00 00 00 00 00 00 00 00 ................
00:19:07.956906 000071e160001400/0120: 00 00 00 00 00 00 00 00-00 00 00 00 00 00 00 00 ................
00:19:07.956909 000071e160001410/0130: 00 00 00 00 00 00 00 00-00 00 00 00 00 00 00 00 ................
00:19:07.956911 000071e160001420/0140: 00 00 00 00 00 00 00 00-00 00 00 00 00 00 00 00 ................
00:19:07.956914 000071e160001430/0150: 00 00 00 00 00 00 00 00-00 00 00 00 00 00 00 00 ................
00:19:07.956916 000071e160001440/0160: 00 00 00 00 00 00 00 00-00 00 00 00 00 00 00 00 ................
00:19:07.956919 000071e160001450/0170: 00 00 00 00 00 00 00 00-00 00 00 00 00 00 00 00 ................
00:19:07.956921 000071e160001460/0180: 00 00 00 00 00 00 00 00-00 00 00 00 00 00 00 00 ................
00:19:07.956924 000071e160001470/0190: 00 00 00 00 00 00 00 00-00 00 00 00 00 00 00 00 ................
00:19:07.956926 000071e160001480/01a0: 00 00 00 00 00 00 00 00-00 00 00 00 00 00 00 00 ................
00:19:07.956929 000071e160001490/01b0: 00 00 00 00 00 00 00 00-00 00 00 00 00 00 00 00 ................
00:19:07.956931 000071e1600014a0/01c0: 00 00 00 00 00 00 00 00-00 00 00 00 00 00 00 00 ................
00:19:07.956933 000071e1600014b0/01d0: 00 00 00 00 00 00 00 00-00 00 00 00 00 00 00 00 ................
00:19:07.956936 000071e1600014c0/01e0: 00 00 00 00 00 00 00 00-00 00 00 00 00 00 00 00 ................
00:19:07.956939 000071e1600014d0/01f0: 00 00 00 00 00 00 00 00-00 00 00 00 00 00 00 00 ................
00:19:07.956942 000071e1600014e0/0200: 00 00 00 00 00 00 00 00-00 00 00 00 00 00 00 00 ................
00:19:07.956944 000071e1600014f0/0210: 00 00 00 00 00 00 00 00-00 00 00 00 00 00 00 00 ................
00:19:07.956947 000071e160001500/0220: 00 00 00 00                                     ....
00:22:07.275653 REQUEST xid 0x8ac9bd29 chaddr 08:00:27:e2:a0:e3
00:22:07.275684  ciaddr 0.0.0.0
00:22:07.275689  client id: 01 08 00 27 e2 a0 e3
00:22:07.275693  requested address 192.168.56.101
00:22:07.275698  params { 1 28 2 121 3 15 6 12 119 26 }
00:22:07.275720   12: 'OPNsense'
00:22:07.275724 > allocateAddress 192.168.56.101 to client [01:08:00:27:e2:a0:e3] (08:00:27:e2:a0:e3)
00:22:07.275729 > ... found existing binding 192.168.56.101 to [01:08:00:27:e2:a0:e3] (08:00:27:e2:a0:e3), acked, valid from 2024-10-12T00:57:55Z for 600s until 2024-10-12T01:07:55Z
00:22:07.275736 Lease time 600 secs (default)
00:22:07.275738 writing leases to /home/kinveth/.config/VirtualBox/HostInterfaceNetworking-vboxnet0-Dhcpd.leases
00:22:07.278730 >>> requested option 1 (SubnetMask)
00:22:07.278742 ... always supplied
00:22:07.278746 >>> requested option 28 (BroadcastAddress)
00:22:07.278749 ... not found
00:22:07.278751 >>> requested option 2 (TimeOffset)
00:22:07.278754 ... not found
00:22:07.278756 >>> requested option 121 (unknown)
00:22:07.278759 ... not found
00:22:07.278761 >>> requested option 3 (Routers)
00:22:07.278763 ... not found
00:22:07.278766 >>> requested option 15 (DomainName)
00:22:07.278768 ... not found
00:22:07.278770 >>> requested option 6 (DNSes)
00:22:07.278773 ... not found
00:22:07.278775 >>> requested option 12 (HostName)
00:22:07.278778 ... not found
00:22:07.278780 >>> requested option 119 (DomainSearch)
00:22:07.278783 ... not found
00:22:07.278785 >>> requested option 26 (InterfaceMTU)
00:22:07.278788 ... not found
00:22:07.278792 encoding option 1 (SubnetMask)
00:22:07.278794 encoding option 51 (LeaseTime)
00:22:07.278797 ACK xid 0x8ac9bd29 chaddr 08:00:27:e2:a0:e3
00:22:07.278806  ciaddr 0.0.0.0 yiaddr 192.168.56.101
00:22:07.278815 encoded message: 548 bytes
00:22:07.278816 000071e1600012e0/0000: 02 01 06 00 29 bd c9 8a-00 00 00 00 00 00 00 00 ....)...........
00:22:07.278818 000071e1600012f0/0010: c0 a8 38 65 00 00 00 00-00 00 00 00 08 00 27 e2 ..8e..........'.
00:22:07.278819 000071e160001300/0020: a0 e3 00 00 00 00 00 00-00 00 00 00 00 00 00 00 ................
00:22:07.278821 000071e160001310/0030: 00 00 00 00 00 00 00 00-00 00 00 00 00 00 00 00 ................
00:22:07.278822 000071e160001320/0040: 00 00 00 00 00 00 00 00-00 00 00 00 00 00 00 00 ................
00:22:07.278824 000071e160001330/0050: 00 00 00 00 00 00 00 00-00 00 00 00 00 00 00 00 ................
00:22:07.278826 000071e160001340/0060: 00 00 00 00 00 00 00 00-00 00 00 00 00 00 00 00 ................
00:22:07.278827 000071e160001350/0070: 00 00 00 00 00 00 00 00-00 00 00 00 00 00 00 00 ................
00:22:07.278829 000071e160001360/0080: 00 00 00 00 00 00 00 00-00 00 00 00 00 00 00 00 ................
00:22:07.278830 000071e160001370/0090: 00 00 00 00 00 00 00 00-00 00 00 00 00 00 00 00 ................
00:22:07.278832 000071e160001380/00a0: 00 00 00 00 00 00 00 00-00 00 00 00 00 00 00 00 ................
00:22:07.278834 000071e160001390/00b0: 00 00 00 00 00 00 00 00-00 00 00 00 00 00 00 00 ................
00:22:07.278835 000071e1600013a0/00c0: 00 00 00 00 00 00 00 00-00 00 00 00 00 00 00 00 ................
00:22:07.278837 000071e1600013b0/00d0: 00 00 00 00 00 00 00 00-00 00 00 00 00 00 00 00 ................
00:22:07.278838 000071e1600013c0/00e0: 00 00 00 00 00 00 00 00-00 00 00 00 63 82 53 63 ............c.Sc
00:22:07.278840 000071e1600013d0/00f0: 36 04 c0 a8 38 64 35 01-05 01 04 ff ff ff 00 33 6...8d5........3
00:22:07.278841 000071e1600013e0/0100: 04 00 00 02 58 ff 00 00-00 00 00 00 00 00 00 00 ....X...........
00:22:07.278843 000071e1600013f0/0110: 00 00 00 00 00 00 00 00-00 00 00 00 00 00 00 00 ................
00:22:07.278845 000071e160001400/0120: 00 00 00 00 00 00 00 00-00 00 00 00 00 00 00 00 ................
00:22:07.278846 000071e160001410/0130: 00 00 00 00 00 00 00 00-00 00 00 00 00 00 00 00 ................
00:22:07.278848 000071e160001420/0140: 00 00 00 00 00 00 00 00-00 00 00 00 00 00 00 00 ................
00:22:07.278849 000071e160001430/0150: 00 00 00 00 00 00 00 00-00 00 00 00 00 00 00 00 ................
00:22:07.278851 000071e160001440/0160: 00 00 00 00 00 00 00 00-00 00 00 00 00 00 00 00 ................
00:22:07.278853 000071e160001450/0170: 00 00 00 00 00 00 00 00-00 00 00 00 00 00 00 00 ................
00:22:07.278854 000071e160001460/0180: 00 00 00 00 00 00 00 00-00 00 00 00 00 00 00 00 ................
00:22:07.278856 000071e160001470/0190: 00 00 00 00 00 00 00 00-00 00 00 00 00 00 00 00 ................
00:22:07.278857 000071e160001480/01a0: 00 00 00 00 00 00 00 00-00 00 00 00 00 00 00 00 ................
00:22:07.278858 000071e160001490/01b0: 00 00 00 00 00 00 00 00-00 00 00 00 00 00 00 00 ................
00:22:07.278860 000071e1600014a0/01c0: 00 00 00 00 00 00 00 00-00 00 00 00 00 00 00 00 ................
00:22:07.278861 000071e1600014b0/01d0: 00 00 00 00 00 00 00 00-00 00 00 00 00 00 00 00 ................
00:22:07.278862 000071e1600014c0/01e0: 00 00 00 00 00 00 00 00-00 00 00 00 00 00 00 00 ................
00:22:07.278864 000071e1600014d0/01f0: 00 00 00 00 00 00 00 00-00 00 00 00 00 00 00 00 ................
00:22:07.278866 000071e1600014e0/0200: 00 00 00 00 00 00 00 00-00 00 00 00 00 00 00 00 ................
00:22:07.278868 000071e1600014f0/0210: 00 00 00 00 00 00 00 00-00 00 00 00 00 00 00 00 ................
00:22:07.278869 000071e160001500/0220: 00 00 00 00                                     ....
00:27:07.830774 REQUEST xid 0x8ac9bd29 chaddr 08:00:27:e2:a0:e3
00:27:07.830802  ciaddr 192.168.56.101
00:27:07.830807  client id: 01 08 00 27 e2 a0 e3
00:27:07.830812  params { 1 28 2 121 3 15 6 12 119 26 }
00:27:07.830837   12: 'OPNsense'
00:27:07.830841 > allocateAddress to client [01:08:00:27:e2:a0:e3] (08:00:27:e2:a0:e3)
00:27:07.830846 > ... found existing binding 192.168.56.101 to [01:08:00:27:e2:a0:e3] (08:00:27:e2:a0:e3), acked, valid from 2024-10-12T01:00:55Z for 600s until 2024-10-12T01:10:55Z
00:27:07.830853 Lease time 600 secs (default)
00:27:07.830856 writing leases to /home/kinveth/.config/VirtualBox/HostInterfaceNetworking-vboxnet0-Dhcpd.leases
00:27:07.834509 >>> requested option 1 (SubnetMask)
00:27:07.834516 ... always supplied
00:27:07.834518 >>> requested option 28 (BroadcastAddress)
00:27:07.834520 ... not found
00:27:07.834522 >>> requested option 2 (TimeOffset)
00:27:07.834524 ... not found
00:27:07.834526 >>> requested option 121 (unknown)
00:27:07.834528 ... not found
00:27:07.834530 >>> requested option 3 (Routers)
00:27:07.834532 ... not found
00:27:07.834534 >>> requested option 15 (DomainName)
00:27:07.834536 ... not found
00:27:07.834539 >>> requested option 6 (DNSes)
00:27:07.834541 ... not found
00:27:07.834543 >>> requested option 12 (HostName)
00:27:07.834546 ... not found
00:27:07.834548 >>> requested option 119 (DomainSearch)
00:27:07.834550 ... not found
00:27:07.834553 >>> requested option 26 (InterfaceMTU)
00:27:07.834555 ... not found
00:27:07.834559 encoding option 1 (SubnetMask)
00:27:07.834562 encoding option 51 (LeaseTime)
00:27:07.834565 ACK xid 0x8ac9bd29 chaddr 08:00:27:e2:a0:e3
00:27:07.834572  ciaddr 192.168.56.101 yiaddr 192.168.56.101
00:27:07.834578 encoded message: 548 bytes
00:27:07.834579 000071e1600012e0/0000: 02 01 06 00 29 bd c9 8a-00 00 00 00 c0 a8 38 65 ....).........8e
00:27:07.834581 000071e1600012f0/0010: c0 a8 38 65 00 00 00 00-00 00 00 00 08 00 27 e2 ..8e..........'.
00:27:07.834582 000071e160001300/0020: a0 e3 00 00 00 00 00 00-00 00 00 00 00 00 00 00 ................
00:27:07.834583 000071e160001310/0030: 00 00 00 00 00 00 00 00-00 00 00 00 00 00 00 00 ................
00:27:07.834584 000071e160001320/0040: 00 00 00 00 00 00 00 00-00 00 00 00 00 00 00 00 ................
00:27:07.834586 000071e160001330/0050: 00 00 00 00 00 00 00 00-00 00 00 00 00 00 00 00 ................
00:27:07.834587 000071e160001340/0060: 00 00 00 00 00 00 00 00-00 00 00 00 00 00 00 00 ................
00:27:07.834588 000071e160001350/0070: 00 00 00 00 00 00 00 00-00 00 00 00 00 00 00 00 ................
00:27:07.834589 000071e160001360/0080: 00 00 00 00 00 00 00 00-00 00 00 00 00 00 00 00 ................
00:27:07.834591 000071e160001370/0090: 00 00 00 00 00 00 00 00-00 00 00 00 00 00 00 00 ................
00:27:07.834592 000071e160001380/00a0: 00 00 00 00 00 00 00 00-00 00 00 00 00 00 00 00 ................
00:27:07.834593 000071e160001390/00b0: 00 00 00 00 00 00 00 00-00 00 00 00 00 00 00 00 ................
00:27:07.834594 000071e1600013a0/00c0: 00 00 00 00 00 00 00 00-00 00 00 00 00 00 00 00 ................
00:27:07.834595 000071e1600013b0/00d0: 00 00 00 00 00 00 00 00-00 00 00 00 00 00 00 00 ................
00:27:07.834597 000071e1600013c0/00e0: 00 00 00 00 00 00 00 00-00 00 00 00 63 82 53 63 ............c.Sc
00:27:07.834598 000071e1600013d0/00f0: 36 04 c0 a8 38 64 35 01-05 01 04 ff ff ff 00 33 6...8d5........3
00:27:07.834599 000071e1600013e0/0100: 04 00 00 02 58 ff 00 00-00 00 00 00 00 00 00 00 ....X...........
00:27:07.834600 000071e1600013f0/0110: 00 00 00 00 00 00 00 00-00 00 00 00 00 00 00 00 ................
00:27:07.834602 000071e160001400/0120: 00 00 00 00 00 00 00 00-00 00 00 00 00 00 00 00 ................
00:27:07.834603 000071e160001410/0130: 00 00 00 00 00 00 00 00-00 00 00 00 00 00 00 00 ................
00:27:07.834605 000071e160001420/0140: 00 00 00 00 00 00 00 00-00 00 00 00 00 00 00 00 ................
00:27:07.834606 000071e160001430/0150: 00 00 00 00 00 00 00 00-00 00 00 00 00 00 00 00 ................
00:27:07.834608 000071e160001440/0160: 00 00 00 00 00 00 00 00-00 00 00 00 00 00 00 00 ................
00:27:07.834609 000071e160001450/0170: 00 00 00 00 00 00 00 00-00 00 00 00 00 00 00 00 ................
00:27:07.834611 000071e160001460/0180: 00 00 00 00 00 00 00 00-00 00 00 00 00 00 00 00 ................
00:27:07.834613 000071e160001470/0190: 00 00 00 00 00 00 00 00-00 00 00 00 00 00 00 00 ................
00:27:07.834614 000071e160001480/01a0: 00 00 00 00 00 00 00 00-00 00 00 00 00 00 00 00 ................
00:27:07.834616 000071e160001490/01b0: 00 00 00 00 00 00 00 00-00 00 00 00 00 00 00 00 ................
00:27:07.834618 000071e1600014a0/01c0: 00 00 00 00 00 00 00 00-00 00 00 00 00 00 00 00 ................
00:27:07.834619 000071e1600014b0/01d0: 00 00 00 00 00 00 00 00-00 00 00 00 00 00 00 00 ................
00:27:07.834621 000071e1600014c0/01e0: 00 00 00 00 00 00 00 00-00 00 00 00 00 00 00 00 ................
00:27:07.834622 000071e1600014d0/01f0: 00 00 00 00 00 00 00 00-00 00 00 00 00 00 00 00 ................
00:27:07.834623 000071e1600014e0/0200: 00 00 00 00 00 00 00 00-00 00 00 00 00 00 00 00 ................
00:27:07.834625 000071e1600014f0/0210: 00 00 00 00 00 00 00 00-00 00 00 00 00 00 00 00 ................
00:27:07.834626 000071e160001500/0220: 00 00 00 00                                     ....
00:27:09.852828 REQUEST xid 0x8ac9bd29 chaddr 08:00:27:e2:a0:e3
00:27:09.852849  ciaddr 192.168.56.101
00:27:09.852852  client id: 01 08 00 27 e2 a0 e3
00:27:09.852855  params { 1 28 2 121 3 15 6 12 119 26 }
00:27:09.852866   12: 'OPNsense'
00:27:09.852869 > allocateAddress to client [01:08:00:27:e2:a0:e3] (08:00:27:e2:a0:e3)
00:27:09.852873 > ... found existing binding 192.168.56.101 to [01:08:00:27:e2:a0:e3] (08:00:27:e2:a0:e3), acked, valid from 2024-10-12T01:05:55Z for 600s until 2024-10-12T01:15:55Z
00:27:09.852879 Lease time 600 secs (default)
00:27:09.852880 writing leases to /home/kinveth/.config/VirtualBox/HostInterfaceNetworking-vboxnet0-Dhcpd.leases
00:27:09.855334 >>> requested option 1 (SubnetMask)
00:27:09.855334 ... always supplied
00:27:09.855334 >>> requested option 28 (BroadcastAddress)
00:27:09.855334 ... not found
00:27:09.855334 >>> requested option 2 (TimeOffset)
00:27:09.855334 ... not found
00:27:09.855334 >>> requested option 121 (unknown)
00:27:09.855334 ... not found
00:27:09.855334 >>> requested option 3 (Routers)
00:27:09.855334 ... not found
00:27:09.855334 >>> requested option 15 (DomainName)
00:27:09.855334 ... not found
00:27:09.855334 >>> requested option 6 (DNSes)
00:27:09.855334 ... not found
00:27:09.855334 >>> requested option 12 (HostName)
00:27:09.855334 ... not found
00:27:09.855334 >>> requested option 119 (DomainSearch)
00:27:09.855334 ... not found
00:27:09.855334 >>> requested option 26 (InterfaceMTU)
00:27:09.855334 ... not found
00:27:09.855334 encoding option 1 (SubnetMask)
00:27:09.855334 encoding option 51 (LeaseTime)
00:27:09.855334 ACK xid 0x8ac9bd29 chaddr 08:00:27:e2:a0:e3
00:27:09.855334  ciaddr 192.168.56.101 yiaddr 192.168.56.101
00:27:09.855334 encoded message: 548 bytes
00:27:09.855334 000071e1600012e0/0000: 02 01 06 00 29 bd c9 8a-00 00 00 00 c0 a8 38 65 ....).........8e
00:27:09.855334 000071e1600012f0/0010: c0 a8 38 65 00 00 00 00-00 00 00 00 08 00 27 e2 ..8e..........'.
00:27:09.855334 000071e160001300/0020: a0 e3 00 00 00 00 00 00-00 00 00 00 00 00 00 00 ................
00:27:09.855334 000071e160001310/0030: 00 00 00 00 00 00 00 00-00 00 00 00 00 00 00 00 ................
00:27:09.855334 000071e160001320/0040: 00 00 00 00 00 00 00 00-00 00 00 00 00 00 00 00 ................
00:27:09.855334 000071e160001330/0050: 00 00 00 00 00 00 00 00-00 00 00 00 00 00 00 00 ................
00:27:09.855334 000071e160001340/0060: 00 00 00 00 00 00 00 00-00 00 00 00 00 00 00 00 ................
00:27:09.855334 000071e160001350/0070: 00 00 00 00 00 00 00 00-00 00 00 00 00 00 00 00 ................
00:27:09.855334 000071e160001360/0080: 00 00 00 00 00 00 00 00-00 00 00 00 00 00 00 00 ................
00:27:09.855334 000071e160001370/0090: 00 00 00 00 00 00 00 00-00 00 00 00 00 00 00 00 ................
00:27:09.855334 000071e160001380/00a0: 00 00 00 00 00 00 00 00-00 00 00 00 00 00 00 00 ................
00:27:09.855334 000071e160001390/00b0: 00 00 00 00 00 00 00 00-00 00 00 00 00 00 00 00 ................
00:27:09.855334 000071e1600013a0/00c0: 00 00 00 00 00 00 00 00-00 00 00 00 00 00 00 00 ................
00:27:09.855334 000071e1600013b0/00d0: 00 00 00 00 00 00 00 00-00 00 00 00 00 00 00 00 ................
00:27:09.855334 000071e1600013c0/00e0: 00 00 00 00 00 00 00 00-00 00 00 00 63 82 53 63 ............c.Sc
00:27:09.855334 000071e1600013d0/00f0: 36 04 c0 a8 38 64 35 01-05 01 04 ff ff ff 00 33 6...8d5........3
00:27:09.855334 000071e1600013e0/0100: 04 00 00 02 58 ff 00 00-00 00 00 00 00 00 00 00 ....X...........
00:27:09.855334 000071e1600013f0/0110: 00 00 00 00 00 00 00 00-00 00 00 00 00 00 00 00 ................
00:27:09.855334 000071e160001400/0120: 00 00 00 00 00 00 00 00-00 00 00 00 00 00 00 00 ................
00:27:09.855334 000071e160001410/0130: 00 00 00 00 00 00 00 00-00 00 00 00 00 00 00 00 ................
00:27:09.855334 000071e160001420/0140: 00 00 00 00 00 00 00 00-00 00 00 00 00 00 00 00 ................
00:27:09.855334 000071e160001430/0150: 00 00 00 00 00 00 00 00-00 00 00 00 00 00 00 00 ................
00:27:09.855334 000071e160001440/0160: 00 00 00 00 00 00 00 00-00 00 00 00 00 00 00 00 ................
00:27:09.855334 000071e160001450/0170: 00 00 00 00 00 00 00 00-00 00 00 00 00 00 00 00 ................
00:27:09.855334 000071e160001460/0180: 00 00 00 00 00 00 00 00-00 00 00 00 00 00 00 00 ................
00:27:09.855334 000071e160001470/0190: 00 00 00 00 00 00 00 00-00 00 00 00 00 00 00 00 ................
00:27:09.855334 000071e160001480/01a0: 00 00 00 00 00 00 00 00-00 00 00 00 00 00 00 00 ................
00:27:09.855334 000071e160001490/01b0: 00 00 00 00 00 00 00 00-00 00 00 00 00 00 00 00 ................
00:27:09.855334 000071e1600014a0/01c0: 00 00 00 00 00 00 00 00-00 00 00 00 00 00 00 00 ................
00:27:09.855334 000071e1600014b0/01d0: 00 00 00 00 00 00 00 00-00 00 00 00 00 00 00 00 ................
00:27:09.855334 000071e1600014c0/01e0: 00 00 00 00 00 00 00 00-00 00 00 00 00 00 00 00 ................
00:27:09.855334 000071e1600014d0/01f0: 00 00 00 00 00 00 00 00-00 00 00 00 00 00 00 00 ................
00:27:09.855334 000071e1600014e0/0200: 00 00 00 00 00 00 00 00-00 00 00 00 00 00 00 00 ................
00:27:09.855334 000071e1600014f0/0210: 00 00 00 00 00 00 00 00-00 00 00 00 00 00 00 00 ................
00:27:09.855334 000071e160001500/0220: 00 00 00 00                                     ....
00:27:13.886841 DISCOVER xid 0x259667ef chaddr 08:00:27:e2:a0:e3
00:27:13.886869  ciaddr 0.0.0.0
00:27:13.886873  client id: 01 08 00 27 e2 a0 e3
00:27:13.886877  requested address 192.168.56.101
00:27:13.886890  params { 1 28 2 121 3 15 6 12 119 26 }
00:27:13.886902   12: 'OPNsense'
00:27:13.886904 > allocateAddress 192.168.56.101 to client [01:08:00:27:e2:a0:e3] (08:00:27:e2:a0:e3)
00:27:13.886909 > ... found existing binding 192.168.56.101 to [01:08:00:27:e2:a0:e3] (08:00:27:e2:a0:e3), acked, valid from 2024-10-12T01:05:57Z for 600s until 2024-10-12T01:15:57Z
00:27:13.886914 Lease time 600 secs (default)
00:27:13.886917 >>> requested option 1 (SubnetMask)
00:27:13.886918 ... always supplied
00:27:13.886919 >>> requested option 28 (BroadcastAddress)
00:27:13.886920 ... not found
00:27:13.886921 >>> requested option 2 (TimeOffset)
00:27:13.886922 ... not found
00:27:13.886923 >>> requested option 121 (unknown)
00:27:13.886925 ... not found
00:27:13.886926 >>> requested option 3 (Routers)
00:27:13.886927 ... not found
00:27:13.886928 >>> requested option 15 (DomainName)
00:27:13.886929 ... not found
00:27:13.886930 >>> requested option 6 (DNSes)
00:27:13.886931 ... not found
00:27:13.886932 >>> requested option 12 (HostName)
00:27:13.886933 ... not found
00:27:13.886934 >>> requested option 119 (DomainSearch)
00:27:13.886935 ... not found
00:27:13.886936 >>> requested option 26 (InterfaceMTU)
00:27:13.886938 ... not found
00:27:13.886940 encoding option 1 (SubnetMask)
00:27:13.886941 encoding option 51 (LeaseTime)
00:27:13.886942 OFFER xid 0x259667ef chaddr 08:00:27:e2:a0:e3
00:27:13.886946  ciaddr 0.0.0.0 yiaddr 192.168.56.101
00:27:13.886949 encoded message: 548 bytes
00:27:13.886950 000071e1600012e0/0000: 02 01 06 00 ef 67 96 25-00 00 00 00 00 00 00 00 .....g.%........
00:27:13.886952 000071e1600012f0/0010: c0 a8 38 65 00 00 00 00-00 00 00 00 08 00 27 e2 ..8e..........'.
00:27:13.886953 000071e160001300/0020: a0 e3 00 00 00 00 00 00-00 00 00 00 00 00 00 00 ................
00:27:13.886954 000071e160001310/0030: 00 00 00 00 00 00 00 00-00 00 00 00 00 00 00 00 ................
00:27:13.886956 000071e160001320/0040: 00 00 00 00 00 00 00 00-00 00 00 00 00 00 00 00 ................
00:27:13.886957 000071e160001330/0050: 00 00 00 00 00 00 00 00-00 00 00 00 00 00 00 00 ................
00:27:13.886959 000071e160001340/0060: 00 00 00 00 00 00 00 00-00 00 00 00 00 00 00 00 ................
00:27:13.886960 000071e160001350/0070: 00 00 00 00 00 00 00 00-00 00 00 00 00 00 00 00 ................
00:27:13.886961 000071e160001360/0080: 00 00 00 00 00 00 00 00-00 00 00 00 00 00 00 00 ................
00:27:13.886962 000071e160001370/0090: 00 00 00 00 00 00 00 00-00 00 00 00 00 00 00 00 ................
00:27:13.886963 000071e160001380/00a0: 00 00 00 00 00 00 00 00-00 00 00 00 00 00 00 00 ................
00:27:13.886965 000071e160001390/00b0: 00 00 00 00 00 00 00 00-00 00 00 00 00 00 00 00 ................
00:27:13.886966 000071e1600013a0/00c0: 00 00 00 00 00 00 00 00-00 00 00 00 00 00 00 00 ................
00:27:13.886967 000071e1600013b0/00d0: 00 00 00 00 00 00 00 00-00 00 00 00 00 00 00 00 ................
00:27:13.886968 000071e1600013c0/00e0: 00 00 00 00 00 00 00 00-00 00 00 00 63 82 53 63 ............c.Sc
00:27:13.886969 000071e1600013d0/00f0: 36 04 c0 a8 38 64 35 01-02 01 04 ff ff ff 00 33 6...8d5........3
00:27:13.886971 000071e1600013e0/0100: 04 00 00 02 58 ff 00 00-00 00 00 00 00 00 00 00 ....X...........
00:27:13.886972 000071e1600013f0/0110: 00 00 00 00 00 00 00 00-00 00 00 00 00 00 00 00 ................
00:27:13.886973 000071e160001400/0120: 00 00 00 00 00 00 00 00-00 00 00 00 00 00 00 00 ................
00:27:13.886974 000071e160001410/0130: 00 00 00 00 00 00 00 00-00 00 00 00 00 00 00 00 ................
00:27:13.886975 000071e160001420/0140: 00 00 00 00 00 00 00 00-00 00 00 00 00 00 00 00 ................
00:27:13.886977 000071e160001430/0150: 00 00 00 00 00 00 00 00-00 00 00 00 00 00 00 00 ................
00:27:13.886978 000071e160001440/0160: 00 00 00 00 00 00 00 00-00 00 00 00 00 00 00 00 ................
00:27:13.886979 000071e160001450/0170: 00 00 00 00 00 00 00 00-00 00 00 00 00 00 00 00 ................
00:27:13.886980 000071e160001460/0180: 00 00 00 00 00 00 00 00-00 00 00 00 00 00 00 00 ................
00:27:13.886981 000071e160001470/0190: 00 00 00 00 00 00 00 00-00 00 00 00 00 00 00 00 ................
00:27:13.886982 000071e160001480/01a0: 00 00 00 00 00 00 00 00-00 00 00 00 00 00 00 00 ................
00:27:13.886984 000071e160001490/01b0: 00 00 00 00 00 00 00 00-00 00 00 00 00 00 00 00 ................
00:27:13.886985 000071e1600014a0/01c0: 00 00 00 00 00 00 00 00-00 00 00 00 00 00 00 00 ................
00:27:13.886986 000071e1600014b0/01d0: 00 00 00 00 00 00 00 00-00 00 00 00 00 00 00 00 ................
00:27:13.886987 000071e1600014c0/01e0: 00 00 00 00 00 00 00 00-00 00 00 00 00 00 00 00 ................
00:27:13.886988 000071e1600014d0/01f0: 00 00 00 00 00 00 00 00-00 00 00 00 00 00 00 00 ................
00:27:13.886989 000071e1600014e0/0200: 00 00 00 00 00 00 00 00-00 00 00 00 00 00 00 00 ................
00:27:13.886991 000071e1600014f0/0210: 00 00 00 00 00 00 00 00-00 00 00 00 00 00 00 00 ................
00:27:13.886992 000071e160001500/0220: 00 00 00 00                                     ....
00:27:15.939048 REQUEST xid 0x259667ef chaddr 08:00:27:e2:a0:e3
00:27:15.939071  ciaddr 0.0.0.0
00:27:15.939074  for server 192.168.56.100 client id: 01 08 00 27 e2 a0 e3
00:27:15.939078  requested address 192.168.56.101
00:27:15.939081  params { 1 28 2 121 3 15 6 12 119 26 }
00:27:15.939093   12: 'OPNsense'
00:27:15.939095   54: c0 a8 38 64
00:27:15.939097 > allocateAddress 192.168.56.101 to client [01:08:00:27:e2:a0:e3] (08:00:27:e2:a0:e3)
00:27:15.939102 > ... found existing binding 192.168.56.101 to [01:08:00:27:e2:a0:e3] (08:00:27:e2:a0:e3), acked, valid from 2024-10-12T01:06:01Z for 600s until 2024-10-12T01:16:01Z
00:27:15.939107 Lease time 600 secs (default)
00:27:15.939109 writing leases to /home/kinveth/.config/VirtualBox/HostInterfaceNetworking-vboxnet0-Dhcpd.leases
00:27:15.942489 >>> requested option 1 (SubnetMask)
00:27:15.942494 ... always supplied
00:27:15.942496 >>> requested option 28 (BroadcastAddress)
00:27:15.942497 ... not found
00:27:15.942498 >>> requested option 2 (TimeOffset)
00:27:15.942499 ... not found
00:27:15.942500 >>> requested option 121 (unknown)
00:27:15.942502 ... not found
00:27:15.942503 >>> requested option 3 (Routers)
00:27:15.942504 ... not found
00:27:15.942505 >>> requested option 15 (DomainName)
00:27:15.942506 ... not found
00:27:15.942507 >>> requested option 6 (DNSes)
00:27:15.942508 ... not found
00:27:15.942510 >>> requested option 12 (HostName)
00:27:15.942511 ... not found
00:27:15.942512 >>> requested option 119 (DomainSearch)
00:27:15.942513 ... not found
00:27:15.942514 >>> requested option 26 (InterfaceMTU)
00:27:15.942515 ... not found
00:27:15.942517 encoding option 1 (SubnetMask)
00:27:15.942519 encoding option 51 (LeaseTime)
00:27:15.942520 ACK xid 0x259667ef chaddr 08:00:27:e2:a0:e3
00:27:15.942524  ciaddr 0.0.0.0 yiaddr 192.168.56.101
00:27:15.942528 encoded message: 548 bytes
00:27:15.942529 000071e1600012e0/0000: 02 01 06 00 ef 67 96 25-00 00 00 00 00 00 00 00 .....g.%........
00:27:15.942531 000071e1600012f0/0010: c0 a8 38 65 00 00 00 00-00 00 00 00 08 00 27 e2 ..8e..........'.
00:27:15.942532 000071e160001300/0020: a0 e3 00 00 00 00 00 00-00 00 00 00 00 00 00 00 ................
00:27:15.942533 000071e160001310/0030: 00 00 00 00 00 00 00 00-00 00 00 00 00 00 00 00 ................
00:27:15.942534 000071e160001320/0040: 00 00 00 00 00 00 00 00-00 00 00 00 00 00 00 00 ................
00:27:15.942536 000071e160001330/0050: 00 00 00 00 00 00 00 00-00 00 00 00 00 00 00 00 ................
00:27:15.942537 000071e160001340/0060: 00 00 00 00 00 00 00 00-00 00 00 00 00 00 00 00 ................
00:27:15.942538 000071e160001350/0070: 00 00 00 00 00 00 00 00-00 00 00 00 00 00 00 00 ................
00:27:15.942539 000071e160001360/0080: 00 00 00 00 00 00 00 00-00 00 00 00 00 00 00 00 ................
00:27:15.942541 000071e160001370/0090: 00 00 00 00 00 00 00 00-00 00 00 00 00 00 00 00 ................
00:27:15.942542 000071e160001380/00a0: 00 00 00 00 00 00 00 00-00 00 00 00 00 00 00 00 ................
00:27:15.942543 000071e160001390/00b0: 00 00 00 00 00 00 00 00-00 00 00 00 00 00 00 00 ................
00:27:15.942544 000071e1600013a0/00c0: 00 00 00 00 00 00 00 00-00 00 00 00 00 00 00 00 ................
00:27:15.942546 000071e1600013b0/00d0: 00 00 00 00 00 00 00 00-00 00 00 00 00 00 00 00 ................
00:27:15.942547 000071e1600013c0/00e0: 00 00 00 00 00 00 00 00-00 00 00 00 63 82 53 63 ............c.Sc
00:27:15.942548 000071e1600013d0/00f0: 36 04 c0 a8 38 64 35 01-05 01 04 ff ff ff 00 33 6...8d5........3
00:27:15.942549 000071e1600013e0/0100: 04 00 00 02 58 ff 00 00-00 00 00 00 00 00 00 00 ....X...........
00:27:15.942551 000071e1600013f0/0110: 00 00 00 00 00 00 00 00-00 00 00 00 00 00 00 00 ................
00:27:15.942552 000071e160001400/0120: 00 00 00 00 00 00 00 00-00 00 00 00 00 00 00 00 ................
00:27:15.942553 000071e160001410/0130: 00 00 00 00 00 00 00 00-00 00 00 00 00 00 00 00 ................
00:27:15.942554 000071e160001420/0140: 00 00 00 00 00 00 00 00-00 00 00 00 00 00 00 00 ................
00:27:15.942556 000071e160001430/0150: 00 00 00 00 00 00 00 00-00 00 00 00 00 00 00 00 ................
00:27:15.942557 000071e160001440/0160: 00 00 00 00 00 00 00 00-00 00 00 00 00 00 00 00 ................
00:27:15.942558 000071e160001450/0170: 00 00 00 00 00 00 00 00-00 00 00 00 00 00 00 00 ................
00:27:15.942559 000071e160001460/0180: 00 00 00 00 00 00 00 00-00 00 00 00 00 00 00 00 ................
00:27:15.942561 000071e160001470/0190: 00 00 00 00 00 00 00 00-00 00 00 00 00 00 00 00 ................
00:27:15.942562 000071e160001480/01a0: 00 00 00 00 00 00 00 00-00 00 00 00 00 00 00 00 ................
00:27:15.942563 000071e160001490/01b0: 00 00 00 00 00 00 00 00-00 00 00 00 00 00 00 00 ................
00:27:15.942564 000071e1600014a0/01c0: 00 00 00 00 00 00 00 00-00 00 00 00 00 00 00 00 ................
00:27:15.942566 000071e1600014b0/01d0: 00 00 00 00 00 00 00 00-00 00 00 00 00 00 00 00 ................
00:27:15.942567 000071e1600014c0/01e0: 00 00 00 00 00 00 00 00-00 00 00 00 00 00 00 00 ................
00:27:15.942568 000071e1600014d0/01f0: 00 00 00 00 00 00 00 00-00 00 00 00 00 00 00 00 ................
00:27:15.942570 000071e1600014e0/0200: 00 00 00 00 00 00 00 00-00 00 00 00 00 00 00 00 ................
00:27:15.942571 000071e1600014f0/0210: 00 00 00 00 00 00 00 00-00 00 00 00 00 00 00 00 ................
00:27:15.942573 000071e160001500/0220: 00 00 00 00                                     ....
00:32:16.035148 REQUEST xid 0x259667ef chaddr 08:00:27:e2:a0:e3
00:32:16.035172  ciaddr 192.168.56.101
00:32:16.035177  client id: 01 08 00 27 e2 a0 e3
00:32:16.035181  params { 1 28 2 121 3 15 6 12 119 26 }
00:32:16.035203   12: 'OPNsense'
00:32:16.035206 > allocateAddress to client [01:08:00:27:e2:a0:e3] (08:00:27:e2:a0:e3)
00:32:16.035211 > ... found existing binding 192.168.56.101 to [01:08:00:27:e2:a0:e3] (08:00:27:e2:a0:e3), acked, valid from 2024-10-12T01:06:03Z for 600s until 2024-10-12T01:16:03Z
00:32:16.035218 Lease time 600 secs (default)
00:32:16.035221 writing leases to /home/kinveth/.config/VirtualBox/HostInterfaceNetworking-vboxnet0-Dhcpd.leases
00:32:16.038453 >>> requested option 1 (SubnetMask)
00:32:16.038460 ... always supplied
00:32:16.038462 >>> requested option 28 (BroadcastAddress)
00:32:16.038464 ... not found
00:32:16.038466 >>> requested option 2 (TimeOffset)
00:32:16.038468 ... not found
00:32:16.038470 >>> requested option 121 (unknown)
00:32:16.038472 ... not found
00:32:16.038474 >>> requested option 3 (Routers)
00:32:16.038476 ... not found
00:32:16.038478 >>> requested option 15 (DomainName)
00:32:16.038480 ... not found
00:32:16.038482 >>> requested option 6 (DNSes)
00:32:16.038484 ... not found
00:32:16.038485 >>> requested option 12 (HostName)
00:32:16.038487 ... not found
00:32:16.038489 >>> requested option 119 (DomainSearch)
00:32:16.038491 ... not found
00:32:16.038493 >>> requested option 26 (InterfaceMTU)
00:32:16.038495 ... not found
00:32:16.038498 encoding option 1 (SubnetMask)
00:32:16.038500 encoding option 51 (LeaseTime)
00:32:16.038503 ACK xid 0x259667ef chaddr 08:00:27:e2:a0:e3
00:32:16.038514  ciaddr 192.168.56.101 yiaddr 192.168.56.101
00:32:16.038518 encoded message: 548 bytes
00:32:16.038519 000071e1600012e0/0000: 02 01 06 00 ef 67 96 25-00 00 00 00 c0 a8 38 65 .....g.%......8e
00:32:16.038521 000071e1600012f0/0010: c0 a8 38 65 00 00 00 00-00 00 00 00 08 00 27 e2 ..8e..........'.
00:32:16.038522 000071e160001300/0020: a0 e3 00 00 00 00 00 00-00 00 00 00 00 00 00 00 ................
00:32:16.038523 000071e160001310/0030: 00 00 00 00 00 00 00 00-00 00 00 00 00 00 00 00 ................
00:32:16.038524 000071e160001320/0040: 00 00 00 00 00 00 00 00-00 00 00 00 00 00 00 00 ................
00:32:16.038525 000071e160001330/0050: 00 00 00 00 00 00 00 00-00 00 00 00 00 00 00 00 ................
00:32:16.038527 000071e160001340/0060: 00 00 00 00 00 00 00 00-00 00 00 00 00 00 00 00 ................
00:32:16.038528 000071e160001350/0070: 00 00 00 00 00 00 00 00-00 00 00 00 00 00 00 00 ................
00:32:16.038529 000071e160001360/0080: 00 00 00 00 00 00 00 00-00 00 00 00 00 00 00 00 ................
00:32:16.038530 000071e160001370/0090: 00 00 00 00 00 00 00 00-00 00 00 00 00 00 00 00 ................
00:32:16.038531 000071e160001380/00a0: 00 00 00 00 00 00 00 00-00 00 00 00 00 00 00 00 ................
00:32:16.038533 000071e160001390/00b0: 00 00 00 00 00 00 00 00-00 00 00 00 00 00 00 00 ................
00:32:16.038534 000071e1600013a0/00c0: 00 00 00 00 00 00 00 00-00 00 00 00 00 00 00 00 ................
00:32:16.038535 000071e1600013b0/00d0: 00 00 00 00 00 00 00 00-00 00 00 00 00 00 00 00 ................
00:32:16.038536 000071e1600013c0/00e0: 00 00 00 00 00 00 00 00-00 00 00 00 63 82 53 63 ............c.Sc
00:32:16.038537 000071e1600013d0/00f0: 36 04 c0 a8 38 64 35 01-05 01 04 ff ff ff 00 33 6...8d5........3
00:32:16.038539 000071e1600013e0/0100: 04 00 00 02 58 ff 00 00-00 00 00 00 00 00 00 00 ....X...........
00:32:16.038540 000071e1600013f0/0110: 00 00 00 00 00 00 00 00-00 00 00 00 00 00 00 00 ................
00:32:16.038541 000071e160001400/0120: 00 00 00 00 00 00 00 00-00 00 00 00 00 00 00 00 ................
00:32:16.038542 000071e160001410/0130: 00 00 00 00 00 00 00 00-00 00 00 00 00 00 00 00 ................
00:32:16.038543 000071e160001420/0140: 00 00 00 00 00 00 00 00-00 00 00 00 00 00 00 00 ................
00:32:16.038544 000071e160001430/0150: 00 00 00 00 00 00 00 00-00 00 00 00 00 00 00 00 ................
00:32:16.038546 000071e160001440/0160: 00 00 00 00 00 00 00 00-00 00 00 00 00 00 00 00 ................
00:32:16.038547 000071e160001450/0170: 00 00 00 00 00 00 00 00-00 00 00 00 00 00 00 00 ................
00:32:16.038548 000071e160001460/0180: 00 00 00 00 00 00 00 00-00 00 00 00 00 00 00 00 ................
00:32:16.038549 000071e160001470/0190: 00 00 00 00 00 00 00 00-00 00 00 00 00 00 00 00 ................
00:32:16.038550 000071e160001480/01a0: 00 00 00 00 00 00 00 00-00 00 00 00 00 00 00 00 ................
00:32:16.038552 000071e160001490/01b0: 00 00 00 00 00 00 00 00-00 00 00 00 00 00 00 00 ................
00:32:16.038553 000071e1600014a0/01c0: 00 00 00 00 00 00 00 00-00 00 00 00 00 00 00 00 ................
00:32:16.038554 000071e1600014b0/01d0: 00 00 00 00 00 00 00 00-00 00 00 00 00 00 00 00 ................
00:32:16.038555 000071e1600014c0/01e0: 00 00 00 00 00 00 00 00-00 00 00 00 00 00 00 00 ................
00:32:16.038556 000071e1600014d0/01f0: 00 00 00 00 00 00 00 00-00 00 00 00 00 00 00 00 ................
00:32:16.038557 000071e1600014e0/0200: 00 00 00 00 00 00 00 00-00 00 00 00 00 00 00 00 ................
00:32:16.038559 000071e1600014f0/0210: 00 00 00 00 00 00 00 00-00 00 00 00 00 00 00 00 ................
00:32:16.038560 000071e160001500/0220: 00 00 00 00                                     ....
00:37:16.073749 REQUEST xid 0x259667ef chaddr 08:00:27:e2:a0:e3
00:37:16.073790  ciaddr 192.168.56.101
00:37:16.073799  client id: 01 08 00 27 e2 a0 e3
00:37:16.073806  params { 1 28 2 121 3 15 6 12 119 26 }
00:37:16.073850   12: 'OPNsense'
00:37:16.073856 > allocateAddress to client [01:08:00:27:e2:a0:e3] (08:00:27:e2:a0:e3)
00:37:16.073864 > ... found existing binding 192.168.56.101 to [01:08:00:27:e2:a0:e3] (08:00:27:e2:a0:e3), acked, valid from 2024-10-12T01:11:03Z for 600s until 2024-10-12T01:21:03Z
00:37:16.073889 Lease time 600 secs (default)
00:37:16.073892 writing leases to /home/kinveth/.config/VirtualBox/HostInterfaceNetworking-vboxnet0-Dhcpd.leases
00:37:16.077378 >>> requested option 1 (SubnetMask)
00:37:16.077387 ... always supplied
00:37:16.077389 >>> requested option 28 (BroadcastAddress)
00:37:16.077392 ... not found
00:37:16.077394 >>> requested option 2 (TimeOffset)
00:37:16.077397 ... not found
00:37:16.077399 >>> requested option 121 (unknown)
00:37:16.077401 ... not found
00:37:16.077403 >>> requested option 3 (Routers)
00:37:16.077405 ... not found
00:37:16.077407 >>> requested option 15 (DomainName)
00:37:16.077410 ... not found
00:37:16.077412 >>> requested option 6 (DNSes)
00:37:16.077414 ... not found
00:37:16.077416 >>> requested option 12 (HostName)
00:37:16.077418 ... not found
00:37:16.077420 >>> requested option 119 (DomainSearch)
00:37:16.077422 ... not found
00:37:16.077424 >>> requested option 26 (InterfaceMTU)
00:37:16.077427 ... not found
00:37:16.077430 encoding option 1 (SubnetMask)
00:37:16.077433 encoding option 51 (LeaseTime)
00:37:16.077436 ACK xid 0x259667ef chaddr 08:00:27:e2:a0:e3
00:37:16.077443  ciaddr 192.168.56.101 yiaddr 192.168.56.101
00:37:16.077451 encoded message: 548 bytes
00:37:16.077452 000071e1600012e0/0000: 02 01 06 00 ef 67 96 25-00 00 00 00 c0 a8 38 65 .....g.%......8e
00:37:16.077455 000071e1600012f0/0010: c0 a8 38 65 00 00 00 00-00 00 00 00 08 00 27 e2 ..8e..........'.
00:37:16.077458 000071e160001300/0020: a0 e3 00 00 00 00 00 00-00 00 00 00 00 00 00 00 ................
00:37:16.077461 000071e160001310/0030: 00 00 00 00 00 00 00 00-00 00 00 00 00 00 00 00 ................
00:37:16.077463 000071e160001320/0040: 00 00 00 00 00 00 00 00-00 00 00 00 00 00 00 00 ................
00:37:16.077466 000071e160001330/0050: 00 00 00 00 00 00 00 00-00 00 00 00 00 00 00 00 ................
00:37:16.077468 000071e160001340/0060: 00 00 00 00 00 00 00 00-00 00 00 00 00 00 00 00 ................
00:37:16.077470 000071e160001350/0070: 00 00 00 00 00 00 00 00-00 00 00 00 00 00 00 00 ................
00:37:16.077473 000071e160001360/0080: 00 00 00 00 00 00 00 00-00 00 00 00 00 00 00 00 ................
00:37:16.077475 000071e160001370/0090: 00 00 00 00 00 00 00 00-00 00 00 00 00 00 00 00 ................
00:37:16.077478 000071e160001380/00a0: 00 00 00 00 00 00 00 00-00 00 00 00 00 00 00 00 ................
00:37:16.077480 000071e160001390/00b0: 00 00 00 00 00 00 00 00-00 00 00 00 00 00 00 00 ................
00:37:16.077482 000071e1600013a0/00c0: 00 00 00 00 00 00 00 00-00 00 00 00 00 00 00 00 ................
00:37:16.077485 000071e1600013b0/00d0: 00 00 00 00 00 00 00 00-00 00 00 00 00 00 00 00 ................
00:37:16.077487 000071e1600013c0/00e0: 00 00 00 00 00 00 00 00-00 00 00 00 63 82 53 63 ............c.Sc
00:37:16.077490 000071e1600013d0/00f0: 36 04 c0 a8 38 64 35 01-05 01 04 ff ff ff 00 33 6...8d5........3
00:37:16.077492 000071e1600013e0/0100: 04 00 00 02 58 ff 00 00-00 00 00 00 00 00 00 00 ....X...........
00:37:16.077495 000071e1600013f0/0110: 00 00 00 00 00 00 00 00-00 00 00 00 00 00 00 00 ................
00:37:16.077497 000071e160001400/0120: 00 00 00 00 00 00 00 00-00 00 00 00 00 00 00 00 ................
00:37:16.077500 000071e160001410/0130: 00 00 00 00 00 00 00 00-00 00 00 00 00 00 00 00 ................
00:37:16.077502 000071e160001420/0140: 00 00 00 00 00 00 00 00-00 00 00 00 00 00 00 00 ................
00:37:16.077504 000071e160001430/0150: 00 00 00 00 00 00 00 00-00 00 00 00 00 00 00 00 ................
00:37:16.077507 000071e160001440/0160: 00 00 00 00 00 00 00 00-00 00 00 00 00 00 00 00 ................
00:37:16.077509 000071e160001450/0170: 00 00 00 00 00 00 00 00-00 00 00 00 00 00 00 00 ................
00:37:16.077512 000071e160001460/0180: 00 00 00 00 00 00 00 00-00 00 00 00 00 00 00 00 ................
00:37:16.077514 000071e160001470/0190: 00 00 00 00 00 00 00 00-00 00 00 00 00 00 00 00 ................
00:37:16.077517 000071e160001480/01a0: 00 00 00 00 00 00 00 00-00 00 00 00 00 00 00 00 ................
00:37:16.077519 000071e160001490/01b0: 00 00 00 00 00 00 00 00-00 00 00 00 00 00 00 00 ................
00:37:16.077521 000071e1600014a0/01c0: 00 00 00 00 00 00 00 00-00 00 00 00 00 00 00 00 ................
00:37:16.077524 000071e1600014b0/01d0: 00 00 00 00 00 00 00 00-00 00 00 00 00 00 00 00 ................
00:37:16.077526 000071e1600014c0/01e0: 00 00 00 00 00 00 00 00-00 00 00 00 00 00 00 00 ................
00:37:16.077529 000071e1600014d0/01f0: 00 00 00 00 00 00 00 00-00 00 00 00 00 00 00 00 ................
00:37:16.077531 000071e1600014e0/0200: 00 00 00 00 00 00 00 00-00 00 00 00 00 00 00 00 ................
00:37:16.077533 000071e1600014f0/0210: 00 00 00 00 00 00 00 00-00 00 00 00 00 00 00 00 ................
00:37:16.077536 000071e160001500/0220: 00 00 00 00                                     ....
00:42:16.091260 REQUEST xid 0x259667ef chaddr 08:00:27:e2:a0:e3
00:42:16.091299  ciaddr 192.168.56.101
00:42:16.091308  client id: 01 08 00 27 e2 a0 e3
00:42:16.091315  params { 1 28 2 121 3 15 6 12 119 26 }
00:42:16.091359   12: 'OPNsense'
00:42:16.091365 > allocateAddress to client [01:08:00:27:e2:a0:e3] (08:00:27:e2:a0:e3)
00:42:16.091373 > ... found existing binding 192.168.56.101 to [01:08:00:27:e2:a0:e3] (08:00:27:e2:a0:e3), acked, valid from 2024-10-12T01:16:03Z for 600s until 2024-10-12T01:26:03Z
00:42:16.091384 Lease time 600 secs (default)
00:42:16.091388 writing leases to /home/kinveth/.config/VirtualBox/HostInterfaceNetworking-vboxnet0-Dhcpd.leases
00:42:16.095103 >>> requested option 1 (SubnetMask)
00:42:16.095111 ... always supplied
00:42:16.095113 >>> requested option 28 (BroadcastAddress)
00:42:16.095115 ... not found
00:42:16.095117 >>> requested option 2 (TimeOffset)
00:42:16.095119 ... not found
00:42:16.095121 >>> requested option 121 (unknown)
00:42:16.095124 ... not found
00:42:16.095125 >>> requested option 3 (Routers)
00:42:16.095127 ... not found
00:42:16.095129 >>> requested option 15 (DomainName)
00:42:16.095131 ... not found
00:42:16.095133 >>> requested option 6 (DNSes)
00:42:16.095135 ... not found
00:42:16.095137 >>> requested option 12 (HostName)
00:42:16.095139 ... not found
00:42:16.095141 >>> requested option 119 (DomainSearch)
00:42:16.095143 ... not found
00:42:16.095145 >>> requested option 26 (InterfaceMTU)
00:42:16.095147 ... not found
00:42:16.095150 encoding option 1 (SubnetMask)
00:42:16.095152 encoding option 51 (LeaseTime)
00:42:16.095155 ACK xid 0x259667ef chaddr 08:00:27:e2:a0:e3
00:42:16.095162  ciaddr 192.168.56.101 yiaddr 192.168.56.101
00:42:16.095168 encoded message: 548 bytes
00:42:16.095169 000071e1600012e0/0000: 02 01 06 00 ef 67 96 25-00 00 00 00 c0 a8 38 65 .....g.%......8e
00:42:16.095171 000071e1600012f0/0010: c0 a8 38 65 00 00 00 00-00 00 00 00 08 00 27 e2 ..8e..........'.
00:42:16.095172 000071e160001300/0020: a0 e3 00 00 00 00 00 00-00 00 00 00 00 00 00 00 ................
00:42:16.095173 000071e160001310/0030: 00 00 00 00 00 00 00 00-00 00 00 00 00 00 00 00 ................
00:42:16.095174 000071e160001320/0040: 00 00 00 00 00 00 00 00-00 00 00 00 00 00 00 00 ................
00:42:16.095176 000071e160001330/0050: 00 00 00 00 00 00 00 00-00 00 00 00 00 00 00 00 ................
00:42:16.095177 000071e160001340/0060: 00 00 00 00 00 00 00 00-00 00 00 00 00 00 00 00 ................
00:42:16.095178 000071e160001350/0070: 00 00 00 00 00 00 00 00-00 00 00 00 00 00 00 00 ................
00:42:16.095179 000071e160001360/0080: 00 00 00 00 00 00 00 00-00 00 00 00 00 00 00 00 ................
00:42:16.095180 000071e160001370/0090: 00 00 00 00 00 00 00 00-00 00 00 00 00 00 00 00 ................
00:42:16.095182 000071e160001380/00a0: 00 00 00 00 00 00 00 00-00 00 00 00 00 00 00 00 ................
00:42:16.095183 000071e160001390/00b0: 00 00 00 00 00 00 00 00-00 00 00 00 00 00 00 00 ................
00:42:16.095184 000071e1600013a0/00c0: 00 00 00 00 00 00 00 00-00 00 00 00 00 00 00 00 ................
00:42:16.095185 000071e1600013b0/00d0: 00 00 00 00 00 00 00 00-00 00 00 00 00 00 00 00 ................
00:42:16.095186 000071e1600013c0/00e0: 00 00 00 00 00 00 00 00-00 00 00 00 63 82 53 63 ............c.Sc
00:42:16.095188 000071e1600013d0/00f0: 36 04 c0 a8 38 64 35 01-05 01 04 ff ff ff 00 33 6...8d5........3
00:42:16.095189 000071e1600013e0/0100: 04 00 00 02 58 ff 00 00-00 00 00 00 00 00 00 00 ....X...........
00:42:16.095190 000071e1600013f0/0110: 00 00 00 00 00 00 00 00-00 00 00 00 00 00 00 00 ................
00:42:16.095191 000071e160001400/0120: 00 00 00 00 00 00 00 00-00 00 00 00 00 00 00 00 ................
00:42:16.095192 000071e160001410/0130: 00 00 00 00 00 00 00 00-00 00 00 00 00 00 00 00 ................
00:42:16.095194 000071e160001420/0140: 00 00 00 00 00 00 00 00-00 00 00 00 00 00 00 00 ................
00:42:16.095195 000071e160001430/0150: 00 00 00 00 00 00 00 00-00 00 00 00 00 00 00 00 ................
00:42:16.095196 000071e160001440/0160: 00 00 00 00 00 00 00 00-00 00 00 00 00 00 00 00 ................
00:42:16.095197 000071e160001450/0170: 00 00 00 00 00 00 00 00-00 00 00 00 00 00 00 00 ................
00:42:16.095198 000071e160001460/0180: 00 00 00 00 00 00 00 00-00 00 00 00 00 00 00 00 ................
00:42:16.095200 000071e160001470/0190: 00 00 00 00 00 00 00 00-00 00 00 00 00 00 00 00 ................
00:42:16.095201 000071e160001480/01a0: 00 00 00 00 00 00 00 00-00 00 00 00 00 00 00 00 ................
00:42:16.095202 000071e160001490/01b0: 00 00 00 00 00 00 00 00-00 00 00 00 00 00 00 00 ................
00:42:16.095203 000071e1600014a0/01c0: 00 00 00 00 00 00 00 00-00 00 00 00 00 00 00 00 ................
00:42:16.095204 000071e1600014b0/01d0: 00 00 00 00 00 00 00 00-00 00 00 00 00 00 00 00 ................
00:42:16.095206 000071e1600014c0/01e0: 00 00 00 00 00 00 00 00-00 00 00 00 00 00 00 00 ................
00:42:16.095207 000071e1600014d0/01f0: 00 00 00 00 00 00 00 00-00 00 00 00 00 00 00 00 ................
00:42:16.095208 000071e1600014e0/0200: 00 00 00 00 00 00 00 00-00 00 00 00 00 00 00 00 ................
00:42:16.095209 000071e1600014f0/0210: 00 00 00 00 00 00 00 00-00 00 00 00 00 00 00 00 ................
00:42:16.095210 000071e160001500/0220: 00 00 00 00                                     ....
00:47:16.131973 REQUEST xid 0x259667ef chaddr 08:00:27:e2:a0:e3
00:47:16.132018  ciaddr 192.168.56.101
00:47:16.132029  client id: 01 08 00 27 e2 a0 e3
00:47:16.132038  params { 1 28 2 121 3 15 6 12 119 26 }
00:47:16.132087   12: 'OPNsense'
00:47:16.132093 > allocateAddress to client [01:08:00:27:e2:a0:e3] (08:00:27:e2:a0:e3)
00:47:16.132101 > ... found existing binding 192.168.56.101 to [01:08:00:27:e2:a0:e3] (08:00:27:e2:a0:e3), acked, valid from 2024-10-12T01:21:03Z for 600s until 2024-10-12T01:31:03Z
00:47:16.132112 Lease time 600 secs (default)
00:47:16.132117 writing leases to /home/kinveth/.config/VirtualBox/HostInterfaceNetworking-vboxnet0-Dhcpd.leases
00:47:16.135184 >>> requested option 1 (SubnetMask)
00:47:16.135192 ... always supplied
00:47:16.135196 >>> requested option 28 (BroadcastAddress)
00:47:16.135201 ... not found
00:47:16.135204 >>> requested option 2 (TimeOffset)
00:47:16.135208 ... not found
00:47:16.135228 >>> requested option 121 (unknown)
00:47:16.135235 ... not found
00:47:16.135239 >>> requested option 3 (Routers)
00:47:16.135243 ... not found
00:47:16.135247 >>> requested option 15 (DomainName)
00:47:16.135251 ... not found
00:47:16.135255 >>> requested option 6 (DNSes)
00:47:16.135259 ... not found
00:47:16.135263 >>> requested option 12 (HostName)
00:47:16.135267 ... not found
00:47:16.135270 >>> requested option 119 (DomainSearch)
00:47:16.135274 ... not found
00:47:16.135278 >>> requested option 26 (InterfaceMTU)
00:47:16.135282 ... not found
00:47:16.135288 encoding option 1 (SubnetMask)
00:47:16.135293 encoding option 51 (LeaseTime)
00:47:16.135298 ACK xid 0x259667ef chaddr 08:00:27:e2:a0:e3
00:47:16.135311  ciaddr 192.168.56.101 yiaddr 192.168.56.101
00:47:16.135323 encoded message: 548 bytes
00:47:16.135325 000071e1600012e0/0000: 02 01 06 00 ef 67 96 25-00 00 00 00 c0 a8 38 65 .....g.%......8e
00:47:16.135328 000071e1600012f0/0010: c0 a8 38 65 00 00 00 00-00 00 00 00 08 00 27 e2 ..8e..........'.
00:47:16.135331 000071e160001300/0020: a0 e3 00 00 00 00 00 00-00 00 00 00 00 00 00 00 ................
00:47:16.135334 000071e160001310/0030: 00 00 00 00 00 00 00 00-00 00 00 00 00 00 00 00 ................
00:47:16.135336 000071e160001320/0040: 00 00 00 00 00 00 00 00-00 00 00 00 00 00 00 00 ................
00:47:16.135339 000071e160001330/0050: 00 00 00 00 00 00 00 00-00 00 00 00 00 00 00 00 ................
00:47:16.135341 000071e160001340/0060: 00 00 00 00 00 00 00 00-00 00 00 00 00 00 00 00 ................
00:47:16.135344 000071e160001350/0070: 00 00 00 00 00 00 00 00-00 00 00 00 00 00 00 00 ................
00:47:16.135346 000071e160001360/0080: 00 00 00 00 00 00 00 00-00 00 00 00 00 00 00 00 ................
00:47:16.135349 000071e160001370/0090: 00 00 00 00 00 00 00 00-00 00 00 00 00 00 00 00 ................
00:47:16.135351 000071e160001380/00a0: 00 00 00 00 00 00 00 00-00 00 00 00 00 00 00 00 ................
00:47:16.135355 000071e160001390/00b0: 00 00 00 00 00 00 00 00-00 00 00 00 00 00 00 00 ................
00:47:16.135357 000071e1600013a0/00c0: 00 00 00 00 00 00 00 00-00 00 00 00 00 00 00 00 ................
00:47:16.135360 000071e1600013b0/00d0: 00 00 00 00 00 00 00 00-00 00 00 00 00 00 00 00 ................
00:47:16.135362 000071e1600013c0/00e0: 00 00 00 00 00 00 00 00-00 00 00 00 63 82 53 63 ............c.Sc
00:47:16.135365 000071e1600013d0/00f0: 36 04 c0 a8 38 64 35 01-05 01 04 ff ff ff 00 33 6...8d5........3
00:47:16.135367 000071e1600013e0/0100: 04 00 00 02 58 ff 00 00-00 00 00 00 00 00 00 00 ....X...........
00:47:16.135370 000071e1600013f0/0110: 00 00 00 00 00 00 00 00-00 00 00 00 00 00 00 00 ................
00:47:16.135372 000071e160001400/0120: 00 00 00 00 00 00 00 00-00 00 00 00 00 00 00 00 ................
00:47:16.135375 000071e160001410/0130: 00 00 00 00 00 00 00 00-00 00 00 00 00 00 00 00 ................
00:47:16.135377 000071e160001420/0140: 00 00 00 00 00 00 00 00-00 00 00 00 00 00 00 00 ................
00:47:16.135379 000071e160001430/0150: 00 00 00 00 00 00 00 00-00 00 00 00 00 00 00 00 ................
00:47:16.135382 000071e160001440/0160: 00 00 00 00 00 00 00 00-00 00 00 00 00 00 00 00 ................
00:47:16.135384 000071e160001450/0170: 00 00 00 00 00 00 00 00-00 00 00 00 00 00 00 00 ................
00:47:16.135387 000071e160001460/0180: 00 00 00 00 00 00 00 00-00 00 00 00 00 00 00 00 ................
00:47:16.135389 000071e160001470/0190: 00 00 00 00 00 00 00 00-00 00 00 00 00 00 00 00 ................
00:47:16.135391 000071e160001480/01a0: 00 00 00 00 00 00 00 00-00 00 00 00 00 00 00 00 ................
00:47:16.135394 000071e160001490/01b0: 00 00 00 00 00 00 00 00-00 00 00 00 00 00 00 00 ................
00:47:16.135396 000071e1600014a0/01c0: 00 00 00 00 00 00 00 00-00 00 00 00 00 00 00 00 ................
00:47:16.135399 000071e1600014b0/01d0: 00 00 00 00 00 00 00 00-00 00 00 00 00 00 00 00 ................
00:47:16.135401 000071e1600014c0/01e0: 00 00 00 00 00 00 00 00-00 00 00 00 00 00 00 00 ................
00:47:16.135403 000071e1600014d0/01f0: 00 00 00 00 00 00 00 00-00 00 00 00 00 00 00 00 ................
00:47:16.135406 000071e1600014e0/0200: 00 00 00 00 00 00 00 00-00 00 00 00 00 00 00 00 ................
00:47:16.135408 000071e1600014f0/0210: 00 00 00 00 00 00 00 00-00 00 00 00 00 00 00 00 ................
00:47:16.135411 000071e160001500/0220: 00 00 00 00                                     ....
00:52:16.192894 REQUEST xid 0x259667ef chaddr 08:00:27:e2:a0:e3
00:52:16.192924  ciaddr 192.168.56.101
00:52:16.192928  client id: 01 08 00 27 e2 a0 e3
00:52:16.192932  params { 1 28 2 121 3 15 6 12 119 26 }
00:52:16.192954   12: 'OPNsense'
00:52:16.192957 > allocateAddress to client [01:08:00:27:e2:a0:e3] (08:00:27:e2:a0:e3)
00:52:16.192962 > ... found existing binding 192.168.56.101 to [01:08:00:27:e2:a0:e3] (08:00:27:e2:a0:e3), acked, valid from 2024-10-12T01:26:04Z for 600s until 2024-10-12T01:36:04Z
00:52:16.192968 Lease time 600 secs (default)
00:52:16.192971 writing leases to /home/kinveth/.config/VirtualBox/HostInterfaceNetworking-vboxnet0-Dhcpd.leases
00:52:16.196550 >>> requested option 1 (SubnetMask)
00:52:16.196557 ... always supplied
00:52:16.196559 >>> requested option 28 (BroadcastAddress)
00:52:16.196560 ... not found
00:52:16.196561 >>> requested option 2 (TimeOffset)
00:52:16.196562 ... not found
00:52:16.196563 >>> requested option 121 (unknown)
00:52:16.196565 ... not found
00:52:16.196566 >>> requested option 3 (Routers)
00:52:16.196567 ... not found
00:52:16.196568 >>> requested option 15 (DomainName)
00:52:16.196569 ... not found
00:52:16.196570 >>> requested option 6 (DNSes)
00:52:16.196571 ... not found
00:52:16.196572 >>> requested option 12 (HostName)
00:52:16.196573 ... not found
00:52:16.196574 >>> requested option 119 (DomainSearch)
00:52:16.196575 ... not found
00:52:16.196576 >>> requested option 26 (InterfaceMTU)
00:52:16.196577 ... not found
00:52:16.196579 encoding option 1 (SubnetMask)
00:52:16.196581 encoding option 51 (LeaseTime)
00:52:16.196582 ACK xid 0x259667ef chaddr 08:00:27:e2:a0:e3
00:52:16.196586  ciaddr 192.168.56.101 yiaddr 192.168.56.101
00:52:16.196590 encoded message: 548 bytes
00:52:16.196591 000071e1600012e0/0000: 02 01 06 00 ef 67 96 25-00 00 00 00 c0 a8 38 65 .....g.%......8e
00:52:16.196592 000071e1600012f0/0010: c0 a8 38 65 00 00 00 00-00 00 00 00 08 00 27 e2 ..8e..........'.
00:52:16.196594 000071e160001300/0020: a0 e3 00 00 00 00 00 00-00 00 00 00 00 00 00 00 ................
00:52:16.196595 000071e160001310/0030: 00 00 00 00 00 00 00 00-00 00 00 00 00 00 00 00 ................
00:52:16.196596 000071e160001320/0040: 00 00 00 00 00 00 00 00-00 00 00 00 00 00 00 00 ................
00:52:16.196597 000071e160001330/0050: 00 00 00 00 00 00 00 00-00 00 00 00 00 00 00 00 ................
00:52:16.196598 000071e160001340/0060: 00 00 00 00 00 00 00 00-00 00 00 00 00 00 00 00 ................
00:52:16.196600 000071e160001350/0070: 00 00 00 00 00 00 00 00-00 00 00 00 00 00 00 00 ................
00:52:16.196601 000071e160001360/0080: 00 00 00 00 00 00 00 00-00 00 00 00 00 00 00 00 ................
00:52:16.196602 000071e160001370/0090: 00 00 00 00 00 00 00 00-00 00 00 00 00 00 00 00 ................
00:52:16.196603 000071e160001380/00a0: 00 00 00 00 00 00 00 00-00 00 00 00 00 00 00 00 ................
00:52:16.196604 000071e160001390/00b0: 00 00 00 00 00 00 00 00-00 00 00 00 00 00 00 00 ................
00:52:16.196605 000071e1600013a0/00c0: 00 00 00 00 00 00 00 00-00 00 00 00 00 00 00 00 ................
00:52:16.196607 000071e1600013b0/00d0: 00 00 00 00 00 00 00 00-00 00 00 00 00 00 00 00 ................
00:52:16.196608 000071e1600013c0/00e0: 00 00 00 00 00 00 00 00-00 00 00 00 63 82 53 63 ............c.Sc
00:52:16.196609 000071e1600013d0/00f0: 36 04 c0 a8 38 64 35 01-05 01 04 ff ff ff 00 33 6...8d5........3
00:52:16.196610 000071e1600013e0/0100: 04 00 00 02 58 ff 00 00-00 00 00 00 00 00 00 00 ....X...........
00:52:16.196611 000071e1600013f0/0110: 00 00 00 00 00 00 00 00-00 00 00 00 00 00 00 00 ................
00:52:16.196613 000071e160001400/0120: 00 00 00 00 00 00 00 00-00 00 00 00 00 00 00 00 ................
00:52:16.196614 000071e160001410/0130: 00 00 00 00 00 00 00 00-00 00 00 00 00 00 00 00 ................
00:52:16.196615 000071e160001420/0140: 00 00 00 00 00 00 00 00-00 00 00 00 00 00 00 00 ................
00:52:16.196616 000071e160001430/0150: 00 00 00 00 00 00 00 00-00 00 00 00 00 00 00 00 ................
00:52:16.196617 000071e160001440/0160: 00 00 00 00 00 00 00 00-00 00 00 00 00 00 00 00 ................
00:52:16.196618 000071e160001450/0170: 00 00 00 00 00 00 00 00-00 00 00 00 00 00 00 00 ................
00:52:16.196620 000071e160001460/0180: 00 00 00 00 00 00 00 00-00 00 00 00 00 00 00 00 ................
00:52:16.196621 000071e160001470/0190: 00 00 00 00 00 00 00 00-00 00 00 00 00 00 00 00 ................
00:52:16.196622 000071e160001480/01a0: 00 00 00 00 00 00 00 00-00 00 00 00 00 00 00 00 ................
00:52:16.196623 000071e160001490/01b0: 00 00 00 00 00 00 00 00-00 00 00 00 00 00 00 00 ................
00:52:16.196624 000071e1600014a0/01c0: 00 00 00 00 00 00 00 00-00 00 00 00 00 00 00 00 ................
00:52:16.196625 000071e1600014b0/01d0: 00 00 00 00 00 00 00 00-00 00 00 00 00 00 00 00 ................
00:52:16.196627 000071e1600014c0/01e0: 00 00 00 00 00 00 00 00-00 00 00 00 00 00 00 00 ................
00:52:16.196628 000071e1600014d0/01f0: 00 00 00 00 00 00 00 00-00 00 00 00 00 00 00 00 ................
00:52:16.196629 000071e1600014e0/0200: 00 00 00 00 00 00 00 00-00 00 00 00 00 00 00 00 ................
00:52:16.196630 000071e1600014f0/0210: 00 00 00 00 00 00 00 00-00 00 00 00 00 00 00 00 ................
00:52:16.196631 000071e160001500/0220: 00 00 00 00                                     ....
00:57:16.221627 REQUEST xid 0x259667ef chaddr 08:00:27:e2:a0:e3
00:57:16.221659  ciaddr 192.168.56.101
00:57:16.221665  client id: 01 08 00 27 e2 a0 e3
00:57:16.221671  params { 1 28 2 121 3 15 6 12 119 26 }
00:57:16.221698   12: 'OPNsense'
00:57:16.221702 > allocateAddress to client [01:08:00:27:e2:a0:e3] (08:00:27:e2:a0:e3)
00:57:16.221708 > ... found existing binding 192.168.56.101 to [01:08:00:27:e2:a0:e3] (08:00:27:e2:a0:e3), acked, valid from 2024-10-12T01:31:04Z for 600s until 2024-10-12T01:41:04Z
00:57:16.221716 Lease time 600 secs (default)
00:57:16.221719 writing leases to /home/kinveth/.config/VirtualBox/HostInterfaceNetworking-vboxnet0-Dhcpd.leases
00:57:16.225083 >>> requested option 1 (SubnetMask)
00:57:16.225094 ... always supplied
00:57:16.225099 >>> requested option 28 (BroadcastAddress)
00:57:16.225103 ... not found
00:57:16.225107 >>> requested option 2 (TimeOffset)
00:57:16.225111 ... not found
00:57:16.225115 >>> requested option 121 (unknown)
00:57:16.225119 ... not found
00:57:16.225123 >>> requested option 3 (Routers)
00:57:16.225127 ... not found
00:57:16.225131 >>> requested option 15 (DomainName)
00:57:16.225135 ... not found
00:57:16.225138 >>> requested option 6 (DNSes)
00:57:16.225142 ... not found
00:57:16.225146 >>> requested option 12 (HostName)
00:57:16.225164 ... not found
00:57:16.225171 >>> requested option 119 (DomainSearch)
00:57:16.225175 ... not found
00:57:16.225179 >>> requested option 26 (InterfaceMTU)
00:57:16.225183 ... not found
00:57:16.225189 encoding option 1 (SubnetMask)
00:57:16.225193 encoding option 51 (LeaseTime)
00:57:16.225198 ACK xid 0x259667ef chaddr 08:00:27:e2:a0:e3
00:57:16.225211  ciaddr 192.168.56.101 yiaddr 192.168.56.101
00:57:16.225223 encoded message: 548 bytes
00:57:16.225225 000071e1600012e0/0000: 02 01 06 00 ef 67 96 25-00 00 00 00 c0 a8 38 65 .....g.%......8e
00:57:16.225228 000071e1600012f0/0010: c0 a8 38 65 00 00 00 00-00 00 00 00 08 00 27 e2 ..8e..........'.
00:57:16.225231 000071e160001300/0020: a0 e3 00 00 00 00 00 00-00 00 00 00 00 00 00 00 ................
00:57:16.225233 000071e160001310/0030: 00 00 00 00 00 00 00 00-00 00 00 00 00 00 00 00 ................
00:57:16.225236 000071e160001320/0040: 00 00 00 00 00 00 00 00-00 00 00 00 00 00 00 00 ................
00:57:16.225238 000071e160001330/0050: 00 00 00 00 00 00 00 00-00 00 00 00 00 00 00 00 ................
00:57:16.225241 000071e160001340/0060: 00 00 00 00 00 00 00 00-00 00 00 00 00 00 00 00 ................
00:57:16.225243 000071e160001350/0070: 00 00 00 00 00 00 00 00-00 00 00 00 00 00 00 00 ................
00:57:16.225245 000071e160001360/0080: 00 00 00 00 00 00 00 00-00 00 00 00 00 00 00 00 ................
00:57:16.225248 000071e160001370/0090: 00 00 00 00 00 00 00 00-00 00 00 00 00 00 00 00 ................
00:57:16.225250 000071e160001380/00a0: 00 00 00 00 00 00 00 00-00 00 00 00 00 00 00 00 ................
00:57:16.225252 000071e160001390/00b0: 00 00 00 00 00 00 00 00-00 00 00 00 00 00 00 00 ................
00:57:16.225255 000071e1600013a0/00c0: 00 00 00 00 00 00 00 00-00 00 00 00 00 00 00 00 ................
00:57:16.225257 000071e1600013b0/00d0: 00 00 00 00 00 00 00 00-00 00 00 00 00 00 00 00 ................
00:57:16.225260 000071e1600013c0/00e0: 00 00 00 00 00 00 00 00-00 00 00 00 63 82 53 63 ............c.Sc
00:57:16.225262 000071e1600013d0/00f0: 36 04 c0 a8 38 64 35 01-05 01 04 ff ff ff 00 33 6...8d5........3
00:57:16.225264 000071e1600013e0/0100: 04 00 00 02 58 ff 00 00-00 00 00 00 00 00 00 00 ....X...........
00:57:16.225267 000071e1600013f0/0110: 00 00 00 00 00 00 00 00-00 00 00 00 00 00 00 00 ................
00:57:16.225269 000071e160001400/0120: 00 00 00 00 00 00 00 00-00 00 00 00 00 00 00 00 ................
00:57:16.225272 000071e160001410/0130: 00 00 00 00 00 00 00 00-00 00 00 00 00 00 00 00 ................
00:57:16.225274 000071e160001420/0140: 00 00 00 00 00 00 00 00-00 00 00 00 00 00 00 00 ................
00:57:16.225276 000071e160001430/0150: 00 00 00 00 00 00 00 00-00 00 00 00 00 00 00 00 ................
00:57:16.225279 000071e160001440/0160: 00 00 00 00 00 00 00 00-00 00 00 00 00 00 00 00 ................
00:57:16.225281 000071e160001450/0170: 00 00 00 00 00 00 00 00-00 00 00 00 00 00 00 00 ................
00:57:16.225284 000071e160001460/0180: 00 00 00 00 00 00 00 00-00 00 00 00 00 00 00 00 ................
00:57:16.225286 000071e160001470/0190: 00 00 00 00 00 00 00 00-00 00 00 00 00 00 00 00 ................
00:57:16.225288 000071e160001480/01a0: 00 00 00 00 00 00 00 00-00 00 00 00 00 00 00 00 ................
00:57:16.225291 000071e160001490/01b0: 00 00 00 00 00 00 00 00-00 00 00 00 00 00 00 00 ................
00:57:16.225293 000071e1600014a0/01c0: 00 00 00 00 00 00 00 00-00 00 00 00 00 00 00 00 ................
00:57:16.225295 000071e1600014b0/01d0: 00 00 00 00 00 00 00 00-00 00 00 00 00 00 00 00 ................
00:57:16.225298 000071e1600014c0/01e0: 00 00 00 00 00 00 00 00-00 00 00 00 00 00 00 00 ................
00:57:16.225300 000071e1600014d0/01f0: 00 00 00 00 00 00 00 00-00 00 00 00 00 00 00 00 ................
00:57:16.225303 000071e1600014e0/0200: 00 00 00 00 00 00 00 00-00 00 00 00 00 00 00 00 ................
00:57:16.225305 000071e1600014f0/0210: 00 00 00 00 00 00 00 00-00 00 00 00 00 00 00 00 ................
00:57:16.225307 000071e160001500/0220: 00 00 00 00                                     ....
01:02:16.281591 REQUEST xid 0x259667ef chaddr 08:00:27:e2:a0:e3
01:02:16.281618  ciaddr 192.168.56.101
01:02:16.281624  client id: 01 08 00 27 e2 a0 e3
01:02:16.281629  params { 1 28 2 121 3 15 6 12 119 26 }
01:02:16.281656   12: 'OPNsense'
01:02:16.281660 > allocateAddress to client [01:08:00:27:e2:a0:e3] (08:00:27:e2:a0:e3)
01:02:16.281666 > ... found existing binding 192.168.56.101 to [01:08:00:27:e2:a0:e3] (08:00:27:e2:a0:e3), acked, valid from 2024-10-12T01:36:04Z for 600s until 2024-10-12T01:46:04Z
01:02:16.281673 Lease time 600 secs (default)
01:02:16.281676 writing leases to /home/kinveth/.config/VirtualBox/HostInterfaceNetworking-vboxnet0-Dhcpd.leases
01:02:16.284443 >>> requested option 1 (SubnetMask)
01:02:16.284451 ... always supplied
01:02:16.284453 >>> requested option 28 (BroadcastAddress)
01:02:16.284456 ... not found
01:02:16.284458 >>> requested option 2 (TimeOffset)
01:02:16.284460 ... not found
01:02:16.284462 >>> requested option 121 (unknown)
01:02:16.284464 ... not found
01:02:16.284466 >>> requested option 3 (Routers)
01:02:16.284468 ... not found
01:02:16.284469 >>> requested option 15 (DomainName)
01:02:16.284471 ... not found
01:02:16.284473 >>> requested option 6 (DNSes)
01:02:16.284475 ... not found
01:02:16.284477 >>> requested option 12 (HostName)
01:02:16.284479 ... not found
01:02:16.284481 >>> requested option 119 (DomainSearch)
01:02:16.284483 ... not found
01:02:16.284485 >>> requested option 26 (InterfaceMTU)
01:02:16.284487 ... not found
01:02:16.284490 encoding option 1 (SubnetMask)
01:02:16.284492 encoding option 51 (LeaseTime)
01:02:16.284495 ACK xid 0x259667ef chaddr 08:00:27:e2:a0:e3
01:02:16.284501  ciaddr 192.168.56.101 yiaddr 192.168.56.101
01:02:16.284507 encoded message: 548 bytes
01:02:16.284508 000071e1600012e0/0000: 02 01 06 00 ef 67 96 25-00 00 00 00 c0 a8 38 65 .....g.%......8e
01:02:16.284510 000071e1600012f0/0010: c0 a8 38 65 00 00 00 00-00 00 00 00 08 00 27 e2 ..8e..........'.
01:02:16.284511 000071e160001300/0020: a0 e3 00 00 00 00 00 00-00 00 00 00 00 00 00 00 ................
01:02:16.284512 000071e160001310/0030: 00 00 00 00 00 00 00 00-00 00 00 00 00 00 00 00 ................
01:02:16.284513 000071e160001320/0040: 00 00 00 00 00 00 00 00-00 00 00 00 00 00 00 00 ................
01:02:16.284515 000071e160001330/0050: 00 00 00 00 00 00 00 00-00 00 00 00 00 00 00 00 ................
01:02:16.284516 000071e160001340/0060: 00 00 00 00 00 00 00 00-00 00 00 00 00 00 00 00 ................
01:02:16.284517 000071e160001350/0070: 00 00 00 00 00 00 00 00-00 00 00 00 00 00 00 00 ................
01:02:16.284518 000071e160001360/0080: 00 00 00 00 00 00 00 00-00 00 00 00 00 00 00 00 ................
01:02:16.284519 000071e160001370/0090: 00 00 00 00 00 00 00 00-00 00 00 00 00 00 00 00 ................
01:02:16.284521 000071e160001380/00a0: 00 00 00 00 00 00 00 00-00 00 00 00 00 00 00 00 ................
01:02:16.284522 000071e160001390/00b0: 00 00 00 00 00 00 00 00-00 00 00 00 00 00 00 00 ................
01:02:16.284523 000071e1600013a0/00c0: 00 00 00 00 00 00 00 00-00 00 00 00 00 00 00 00 ................
01:02:16.284524 000071e1600013b0/00d0: 00 00 00 00 00 00 00 00-00 00 00 00 00 00 00 00 ................
01:02:16.284525 000071e1600013c0/00e0: 00 00 00 00 00 00 00 00-00 00 00 00 63 82 53 63 ............c.Sc
01:02:16.284526 000071e1600013d0/00f0: 36 04 c0 a8 38 64 35 01-05 01 04 ff ff ff 00 33 6...8d5........3
01:02:16.284528 000071e1600013e0/0100: 04 00 00 02 58 ff 00 00-00 00 00 00 00 00 00 00 ....X...........
01:02:16.284529 000071e1600013f0/0110: 00 00 00 00 00 00 00 00-00 00 00 00 00 00 00 00 ................
01:02:16.284530 000071e160001400/0120: 00 00 00 00 00 00 00 00-00 00 00 00 00 00 00 00 ................
01:02:16.284531 000071e160001410/0130: 00 00 00 00 00 00 00 00-00 00 00 00 00 00 00 00 ................
01:02:16.284533 000071e160001420/0140: 00 00 00 00 00 00 00 00-00 00 00 00 00 00 00 00 ................
01:02:16.284534 000071e160001430/0150: 00 00 00 00 00 00 00 00-00 00 00 00 00 00 00 00 ................
01:02:16.284535 000071e160001440/0160: 00 00 00 00 00 00 00 00-00 00 00 00 00 00 00 00 ................
01:02:16.284536 000071e160001450/0170: 00 00 00 00 00 00 00 00-00 00 00 00 00 00 00 00 ................
01:02:16.284537 000071e160001460/0180: 00 00 00 00 00 00 00 00-00 00 00 00 00 00 00 00 ................
01:02:16.284538 000071e160001470/0190: 00 00 00 00 00 00 00 00-00 00 00 00 00 00 00 00 ................
01:02:16.284540 000071e160001480/01a0: 00 00 00 00 00 00 00 00-00 00 00 00 00 00 00 00 ................
01:02:16.284541 000071e160001490/01b0: 00 00 00 00 00 00 00 00-00 00 00 00 00 00 00 00 ................
01:02:16.284542 000071e1600014a0/01c0: 00 00 00 00 00 00 00 00-00 00 00 00 00 00 00 00 ................
01:02:16.284543 000071e1600014b0/01d0: 00 00 00 00 00 00 00 00-00 00 00 00 00 00 00 00 ................
01:02:16.284544 000071e1600014c0/01e0: 00 00 00 00 00 00 00 00-00 00 00 00 00 00 00 00 ................
01:02:16.284545 000071e1600014d0/01f0: 00 00 00 00 00 00 00 00-00 00 00 00 00 00 00 00 ................
01:02:16.284547 000071e1600014e0/0200: 00 00 00 00 00 00 00 00-00 00 00 00 00 00 00 00 ................
01:02:16.284548 000071e1600014f0/0210: 00 00 00 00 00 00 00 00-00 00 00 00 00 00 00 00 ................
01:02:16.284549 000071e160001500/0220: 00 00 00 00                                     ....
01:07:16.320559 REQUEST xid 0x259667ef chaddr 08:00:27:e2:a0:e3
01:07:16.320602  ciaddr 192.168.56.101
01:07:16.320611  client id: 01 08 00 27 e2 a0 e3
01:07:16.320618  params { 1 28 2 121 3 15 6 12 119 26 }
01:07:16.320662   12: 'OPNsense'
01:07:16.320668 > allocateAddress to client [01:08:00:27:e2:a0:e3] (08:00:27:e2:a0:e3)
01:07:16.320676 > ... found existing binding 192.168.56.101 to [01:08:00:27:e2:a0:e3] (08:00:27:e2:a0:e3), acked, valid from 2024-10-12T01:41:04Z for 600s until 2024-10-12T01:51:04Z
01:07:16.320687 Lease time 600 secs (default)
01:07:16.320692 writing leases to /home/kinveth/.config/VirtualBox/HostInterfaceNetworking-vboxnet0-Dhcpd.leases
01:07:16.324602 >>> requested option 1 (SubnetMask)
01:07:16.324615 ... always supplied
01:07:16.324619 >>> requested option 28 (BroadcastAddress)
01:07:16.324632 ... not found
01:07:16.324634 >>> requested option 2 (TimeOffset)
01:07:16.324636 ... not found
01:07:16.324638 >>> requested option 121 (unknown)
01:07:16.324641 ... not found
01:07:16.324643 >>> requested option 3 (Routers)
01:07:16.324645 ... not found
01:07:16.324647 >>> requested option 15 (DomainName)
01:07:16.324650 ... not found
01:07:16.324652 >>> requested option 6 (DNSes)
01:07:16.324654 ... not found
01:07:16.324656 >>> requested option 12 (HostName)
01:07:16.324658 ... not found
01:07:16.324660 >>> requested option 119 (DomainSearch)
01:07:16.324663 ... not found
01:07:16.324665 >>> requested option 26 (InterfaceMTU)
01:07:16.324667 ... not found
01:07:16.324671 encoding option 1 (SubnetMask)
01:07:16.324673 encoding option 51 (LeaseTime)
01:07:16.324676 ACK xid 0x259667ef chaddr 08:00:27:e2:a0:e3
01:07:16.324684  ciaddr 192.168.56.101 yiaddr 192.168.56.101
01:07:16.324691 encoded message: 548 bytes
01:07:16.324692 000071e1600012e0/0000: 02 01 06 00 ef 67 96 25-00 00 00 00 c0 a8 38 65 .....g.%......8e
01:07:16.324696 000071e1600012f0/0010: c0 a8 38 65 00 00 00 00-00 00 00 00 08 00 27 e2 ..8e..........'.
01:07:16.324698 000071e160001300/0020: a0 e3 00 00 00 00 00 00-00 00 00 00 00 00 00 00 ................
01:07:16.324701 000071e160001310/0030: 00 00 00 00 00 00 00 00-00 00 00 00 00 00 00 00 ................
01:07:16.324703 000071e160001320/0040: 00 00 00 00 00 00 00 00-00 00 00 00 00 00 00 00 ................
01:07:16.324706 000071e160001330/0050: 00 00 00 00 00 00 00 00-00 00 00 00 00 00 00 00 ................
01:07:16.324708 000071e160001340/0060: 00 00 00 00 00 00 00 00-00 00 00 00 00 00 00 00 ................
01:07:16.324711 000071e160001350/0070: 00 00 00 00 00 00 00 00-00 00 00 00 00 00 00 00 ................
01:07:16.324713 000071e160001360/0080: 00 00 00 00 00 00 00 00-00 00 00 00 00 00 00 00 ................
01:07:16.324716 000071e160001370/0090: 00 00 00 00 00 00 00 00-00 00 00 00 00 00 00 00 ................
01:07:16.324718 000071e160001380/00a0: 00 00 00 00 00 00 00 00-00 00 00 00 00 00 00 00 ................
01:07:16.324721 000071e160001390/00b0: 00 00 00 00 00 00 00 00-00 00 00 00 00 00 00 00 ................
01:07:16.324723 000071e1600013a0/00c0: 00 00 00 00 00 00 00 00-00 00 00 00 00 00 00 00 ................
01:07:16.324725 000071e1600013b0/00d0: 00 00 00 00 00 00 00 00-00 00 00 00 00 00 00 00 ................
01:07:16.324728 000071e1600013c0/00e0: 00 00 00 00 00 00 00 00-00 00 00 00 63 82 53 63 ............c.Sc
01:07:16.324730 000071e1600013d0/00f0: 36 04 c0 a8 38 64 35 01-05 01 04 ff ff ff 00 33 6...8d5........3
01:07:16.324733 000071e1600013e0/0100: 04 00 00 02 58 ff 00 00-00 00 00 00 00 00 00 00 ....X...........
01:07:16.324735 000071e1600013f0/0110: 00 00 00 00 00 00 00 00-00 00 00 00 00 00 00 00 ................
01:07:16.324738 000071e160001400/0120: 00 00 00 00 00 00 00 00-00 00 00 00 00 00 00 00 ................
01:07:16.324740 000071e160001410/0130: 00 00 00 00 00 00 00 00-00 00 00 00 00 00 00 00 ................
01:07:16.324743 000071e160001420/0140: 00 00 00 00 00 00 00 00-00 00 00 00 00 00 00 00 ................
01:07:16.324745 000071e160001430/0150: 00 00 00 00 00 00 00 00-00 00 00 00 00 00 00 00 ................
01:07:16.324748 000071e160001440/0160: 00 00 00 00 00 00 00 00-00 00 00 00 00 00 00 00 ................
01:07:16.324750 000071e160001450/0170: 00 00 00 00 00 00 00 00-00 00 00 00 00 00 00 00 ................
01:07:16.324752 000071e160001460/0180: 00 00 00 00 00 00 00 00-00 00 00 00 00 00 00 00 ................
01:07:16.324755 000071e160001470/0190: 00 00 00 00 00 00 00 00-00 00 00 00 00 00 00 00 ................
01:07:16.324757 000071e160001480/01a0: 00 00 00 00 00 00 00 00-00 00 00 00 00 00 00 00 ................
01:07:16.324760 000071e160001490/01b0: 00 00 00 00 00 00 00 00-00 00 00 00 00 00 00 00 ................
01:07:16.324762 000071e1600014a0/01c0: 00 00 00 00 00 00 00 00-00 00 00 00 00 00 00 00 ................
01:07:16.324764 000071e1600014b0/01d0: 00 00 00 00 00 00 00 00-00 00 00 00 00 00 00 00 ................
01:07:16.324767 000071e1600014c0/01e0: 00 00 00 00 00 00 00 00-00 00 00 00 00 00 00 00 ................
01:07:16.324769 000071e1600014d0/01f0: 00 00 00 00 00 00 00 00-00 00 00 00 00 00 00 00 ................
01:07:16.324772 000071e1600014e0/0200: 00 00 00 00 00 00 00 00-00 00 00 00 00 00 00 00 ................
01:07:16.324774 000071e1600014f0/0210: 00 00 00 00 00 00 00 00-00 00 00 00 00 00 00 00 ................
01:07:16.324777 000071e160001500/0220: 00 00 00 00                                     ....
01:12:16.340903 REQUEST xid 0x259667ef chaddr 08:00:27:e2:a0:e3
01:12:16.340931  ciaddr 192.168.56.101
01:12:16.340936  client id: 01 08 00 27 e2 a0 e3
01:12:16.340940  params { 1 28 2 121 3 15 6 12 119 26 }
01:12:16.340962   12: 'OPNsense'
01:12:16.340966 > allocateAddress to client [01:08:00:27:e2:a0:e3] (08:00:27:e2:a0:e3)
01:12:16.340971 > ... found existing binding 192.168.56.101 to [01:08:00:27:e2:a0:e3] (08:00:27:e2:a0:e3), acked, valid from 2024-10-12T01:46:04Z for 600s until 2024-10-12T01:56:04Z
01:12:16.340977 Lease time 600 secs (default)
01:12:16.340980 writing leases to /home/kinveth/.config/VirtualBox/HostInterfaceNetworking-vboxnet0-Dhcpd.leases
01:12:16.343836 >>> requested option 1 (SubnetMask)
01:12:16.343844 ... always supplied
01:12:16.343846 >>> requested option 28 (BroadcastAddress)
01:12:16.343848 ... not found
01:12:16.343851 >>> requested option 2 (TimeOffset)
01:12:16.343853 ... not found
01:12:16.343855 >>> requested option 121 (unknown)
01:12:16.343857 ... not found
01:12:16.343859 >>> requested option 3 (Routers)
01:12:16.343861 ... not found
01:12:16.343863 >>> requested option 15 (DomainName)
01:12:16.343865 ... not found
01:12:16.343867 >>> requested option 6 (DNSes)
01:12:16.343869 ... not found
01:12:16.343870 >>> requested option 12 (HostName)
01:12:16.343872 ... not found
01:12:16.343874 >>> requested option 119 (DomainSearch)
01:12:16.343876 ... not found
01:12:16.343878 >>> requested option 26 (InterfaceMTU)
01:12:16.343880 ... not found
01:12:16.343883 encoding option 1 (SubnetMask)
01:12:16.343886 encoding option 51 (LeaseTime)
01:12:16.343888 ACK xid 0x259667ef chaddr 08:00:27:e2:a0:e3
01:12:16.343895  ciaddr 192.168.56.101 yiaddr 192.168.56.101
01:12:16.343901 encoded message: 548 bytes
01:12:16.343902 000071e1600012e0/0000: 02 01 06 00 ef 67 96 25-00 00 00 00 c0 a8 38 65 .....g.%......8e
01:12:16.343904 000071e1600012f0/0010: c0 a8 38 65 00 00 00 00-00 00 00 00 08 00 27 e2 ..8e..........'.
01:12:16.343905 000071e160001300/0020: a0 e3 00 00 00 00 00 00-00 00 00 00 00 00 00 00 ................
01:12:16.343906 000071e160001310/0030: 00 00 00 00 00 00 00 00-00 00 00 00 00 00 00 00 ................
01:12:16.343908 000071e160001320/0040: 00 00 00 00 00 00 00 00-00 00 00 00 00 00 00 00 ................
01:12:16.343909 000071e160001330/0050: 00 00 00 00 00 00 00 00-00 00 00 00 00 00 00 00 ................
01:12:16.343910 000071e160001340/0060: 00 00 00 00 00 00 00 00-00 00 00 00 00 00 00 00 ................
01:12:16.343911 000071e160001350/0070: 00 00 00 00 00 00 00 00-00 00 00 00 00 00 00 00 ................
01:12:16.343913 000071e160001360/0080: 00 00 00 00 00 00 00 00-00 00 00 00 00 00 00 00 ................
01:12:16.343914 000071e160001370/0090: 00 00 00 00 00 00 00 00-00 00 00 00 00 00 00 00 ................
01:12:16.343915 000071e160001380/00a0: 00 00 00 00 00 00 00 00-00 00 00 00 00 00 00 00 ................
01:12:16.343916 000071e160001390/00b0: 00 00 00 00 00 00 00 00-00 00 00 00 00 00 00 00 ................
01:12:16.343917 000071e1600013a0/00c0: 00 00 00 00 00 00 00 00-00 00 00 00 00 00 00 00 ................
01:12:16.343919 000071e1600013b0/00d0: 00 00 00 00 00 00 00 00-00 00 00 00 00 00 00 00 ................
01:12:16.343920 000071e1600013c0/00e0: 00 00 00 00 00 00 00 00-00 00 00 00 63 82 53 63 ............c.Sc
01:12:16.343921 000071e1600013d0/00f0: 36 04 c0 a8 38 64 35 01-05 01 04 ff ff ff 00 33 6...8d5........3
01:12:16.343922 000071e1600013e0/0100: 04 00 00 02 58 ff 00 00-00 00 00 00 00 00 00 00 ....X...........
01:12:16.343924 000071e1600013f0/0110: 00 00 00 00 00 00 00 00-00 00 00 00 00 00 00 00 ................
01:12:16.343925 000071e160001400/0120: 00 00 00 00 00 00 00 00-00 00 00 00 00 00 00 00 ................
01:12:16.343926 000071e160001410/0130: 00 00 00 00 00 00 00 00-00 00 00 00 00 00 00 00 ................
01:12:16.343927 000071e160001420/0140: 00 00 00 00 00 00 00 00-00 00 00 00 00 00 00 00 ................
01:12:16.343928 000071e160001430/0150: 00 00 00 00 00 00 00 00-00 00 00 00 00 00 00 00 ................
01:12:16.343930 000071e160001440/0160: 00 00 00 00 00 00 00 00-00 00 00 00 00 00 00 00 ................
01:12:16.343931 000071e160001450/0170: 00 00 00 00 00 00 00 00-00 00 00 00 00 00 00 00 ................
01:12:16.343932 000071e160001460/0180: 00 00 00 00 00 00 00 00-00 00 00 00 00 00 00 00 ................
01:12:16.343933 000071e160001470/0190: 00 00 00 00 00 00 00 00-00 00 00 00 00 00 00 00 ................
01:12:16.343934 000071e160001480/01a0: 00 00 00 00 00 00 00 00-00 00 00 00 00 00 00 00 ................
01:12:16.343936 000071e160001490/01b0: 00 00 00 00 00 00 00 00-00 00 00 00 00 00 00 00 ................
01:12:16.343937 000071e1600014a0/01c0: 00 00 00 00 00 00 00 00-00 00 00 00 00 00 00 00 ................
01:12:16.343938 000071e1600014b0/01d0: 00 00 00 00 00 00 00 00-00 00 00 00 00 00 00 00 ................
01:12:16.343939 000071e1600014c0/01e0: 00 00 00 00 00 00 00 00-00 00 00 00 00 00 00 00 ................
01:12:16.343940 000071e1600014d0/01f0: 00 00 00 00 00 00 00 00-00 00 00 00 00 00 00 00 ................
01:12:16.343942 000071e1600014e0/0200: 00 00 00 00 00 00 00 00-00 00 00 00 00 00 00 00 ................
01:12:16.343943 000071e1600014f0/0210: 00 00 00 00 00 00 00 00-00 00 00 00 00 00 00 00 ................
01:12:16.343944 000071e160001500/0220: 00 00 00 00                                     ....
