    OpenRGB v0.9
    Commit:  from 
    Launched: 20241026_174955
====================================================================================================

1     |Info:    Found file: kinveth.orp attempting to validate header
1     |Info:    Valid v4 profile found for kinveth
1     |Info:    Found file: off.orp attempting to validate header
3     |Info:    Valid v4 profile found for off
1025  |Info:    ------------------------------------------------------
1025  |Info:    |               Start device detection               |
1025  |Info:    ------------------------------------------------------
1025  |Info:    Initializing HID interfaces: Success
1033  |Info:    ------------------------------------------------------
1033  |Info:    |             Detecting I2C interfaces               |
1033  |Info:    ------------------------------------------------------
1033  |Info:    Registering I2C interface: /dev/i2c-3 Device 10DE:2803 Subsystem: 1043:88F8
1033  |Info:    Registering I2C interface: /dev/i2c-1 Device 10DE:2803 Subsystem: 1043:88F8
1033  |Info:    Registering I2C interface: /dev/i2c-2 Device 10DE:2803 Subsystem: 1043:88F8
1033  |Info:    Registering I2C interface: /dev/i2c-0 Device 10DE:2803 Subsystem: 1043:88F8
1033  |Info:    ------------------------------------------------------
1033  |Info:    |               Detecting I2C devices                |
1033  |Info:    ------------------------------------------------------
1036  |Info:    ------------------------------------------------------
1036  |Info:    |               Detecting I2C PCI devices            |
1036  |Info:    ------------------------------------------------------
1036  |Info:    ------------------------------------------------------
1036  |Info:    |               Detecting HID devices                |
1036  |Info:    ------------------------------------------------------
1209  |Info:    [X570 AORUS ELITE] Registering RGB controller
1239  |Info:    [KLM] Created new Sixty percent ANSI QWERTY with 5 rows and 14 columns containing 61 keys
1240  |Info:    [Razer Huntsman Mini] Registering RGB controller
1295  |Info:    [SteelSeries Rival 600] Registering RGB controller
1295  |Info:    ------------------------------------------------------
1295  |Info:    |            Detecting libusb HID devices            |
1295  |Info:    ------------------------------------------------------
1484  |Info:    ------------------------------------------------------
1484  |Info:    |              Detecting other devices               |
1485  |Info:    ------------------------------------------------------
1504  |Info:    ------------------------------------------------------
1504  |Info:    |                Detection completed                 |
1504  |Info:    ------------------------------------------------------
1504  |Info:    Profile loading: Succeeded for X570 AORUS ELITE @ HID: /dev/hidraw0
1504  |Info:    Profile loading: FAILED! for Razer Huntsman Mini @ HID: /dev/hidraw4
1504  |Info:    Profile loading: Succeeded for SteelSeries Rival 600 @ HID: /dev/hidraw6
