    OpenRGB v0.9
    Commit:  from 
    Launched: 20241023_225115
====================================================================================================

0     |Info:    Found file: kinveth.orp attempting to validate header
0     |Info:    Valid v4 profile found for kinveth
0     |Info:    Found file: off.orp attempting to validate header
0     |Info:    Valid v4 profile found for off
1002  |Info:    ------------------------------------------------------
1002  |Info:    |               Start device detection               |
1002  |Info:    ------------------------------------------------------
1002  |Info:    Initializing HID interfaces: Success
1010  |Info:    ------------------------------------------------------
1010  |Info:    |             Detecting I2C interfaces               |
1010  |Info:    ------------------------------------------------------
1010  |Info:    Registering I2C interface: /dev/i2c-3 Device 10DE:2803 Subsystem: 1043:88F8
1010  |Info:    Registering I2C interface: /dev/i2c-1 Device 10DE:2803 Subsystem: 1043:88F8
1010  |Info:    Registering I2C interface: /dev/i2c-2 Device 10DE:2803 Subsystem: 1043:88F8
1010  |Info:    Registering I2C interface: /dev/i2c-0 Device 10DE:2803 Subsystem: 1043:88F8
1010  |Info:    ------------------------------------------------------
1010  |Info:    |               Detecting I2C devices                |
1010  |Info:    ------------------------------------------------------
1010  |Info:    ------------------------------------------------------
1010  |Info:    |               Detecting I2C PCI devices            |
1010  |Info:    ------------------------------------------------------
1010  |Info:    ------------------------------------------------------
1010  |Info:    |               Detecting HID devices                |
1010  |Info:    ------------------------------------------------------
1187  |Info:    [X570 AORUS ELITE] Registering RGB controller
1213  |Info:    [KLM] Created new Sixty percent ANSI QWERTY with 5 rows and 14 columns containing 61 keys
1213  |Info:    [Razer Huntsman Mini] Registering RGB controller
1269  |Info:    [SteelSeries Rival 600] Registering RGB controller
1269  |Info:    ------------------------------------------------------
1269  |Info:    |            Detecting libusb HID devices            |
1269  |Info:    ------------------------------------------------------
1461  |Info:    ------------------------------------------------------
1461  |Info:    |              Detecting other devices               |
1461  |Info:    ------------------------------------------------------
1476  |Info:    ------------------------------------------------------
1476  |Info:    |                Detection completed                 |
1476  |Info:    ------------------------------------------------------
1476  |Info:    Profile loading: Succeeded for X570 AORUS ELITE @ HID: /dev/hidraw0
1476  |Info:    Profile loading: FAILED! for Razer Huntsman Mini @ HID: /dev/hidraw3
1476  |Info:    Profile loading: Succeeded for SteelSeries Rival 600 @ HID: /dev/hidraw5
