    OpenRGB v0.9
    Commit:  from 
    Launched: 20241013_124030
====================================================================================================

1     |Info:    Found file: kinveth.orp attempting to validate header
2     |Info:    Valid v4 profile found for kinveth
2     |Info:    Found file: off.orp attempting to validate header
2     |Info:    Valid v4 profile found for off
1020  |Info:    ------------------------------------------------------
1020  |Info:    |               Start device detection               |
1020  |Info:    ------------------------------------------------------
1021  |Info:    Initializing HID interfaces: Success
1029  |Info:    ------------------------------------------------------
1029  |Info:    |             Detecting I2C interfaces               |
1029  |Info:    ------------------------------------------------------
1029  |Info:    Registering I2C interface: /dev/i2c-3 Device 10DE:2803 Subsystem: 1043:88F8
1030  |Info:    Registering I2C interface: /dev/i2c-1 Device 10DE:2803 Subsystem: 1043:88F8
1030  |Info:    Registering I2C interface: /dev/i2c-2 Device 10DE:2803 Subsystem: 1043:88F8
1030  |Info:    Registering I2C interface: /dev/i2c-0 Device 10DE:2803 Subsystem: 1043:88F8
1030  |Info:    ------------------------------------------------------
1030  |Info:    |               Detecting I2C devices                |
1030  |Info:    ------------------------------------------------------
1032  |Info:    ------------------------------------------------------
1032  |Info:    |               Detecting I2C PCI devices            |
1032  |Info:    ------------------------------------------------------
1032  |Info:    ------------------------------------------------------
1032  |Info:    |               Detecting HID devices                |
1032  |Info:    ------------------------------------------------------
1206  |Info:    [X570 AORUS ELITE] Registering RGB controller
1207  |Info:    [SteelSeries Arctis 5] Registering RGB controller
1264  |Info:    [SteelSeries Rival 600] Registering RGB controller
1267  |Info:    [Logitech G Pro RGB Mechanical Gaming Keyboard] Registering RGB controller
1324  |Info:    [SteelSeries QCK Prism Cloth XL] Registering RGB controller
1324  |Info:    ------------------------------------------------------
1324  |Info:    |            Detecting libusb HID devices            |
1324  |Info:    ------------------------------------------------------
1574  |Info:    ------------------------------------------------------
1574  |Info:    |              Detecting other devices               |
1574  |Info:    ------------------------------------------------------
1596  |Info:    ------------------------------------------------------
1596  |Info:    |                Detection completed                 |
1596  |Info:    ------------------------------------------------------
1596  |Info:    Profile loading: Succeeded for X570 AORUS ELITE @ HID: /dev/hidraw0
1596  |Info:    Profile loading: FAILED! for SteelSeries Arctis 5 @ HID: /dev/hidraw4
1596  |Info:    Profile loading: Succeeded for SteelSeries Rival 600 @ HID: /dev/hidraw1
1596  |Info:    Profile loading: Succeeded for Logitech G Pro RGB Mechanical Gaming Keyboard @ 
1596  |Info:    Profile loading: Succeeded for SteelSeries QCK Prism Cloth XL @ HID: /dev/hidraw7
