    OpenRGB v0.9
    Commit:  from 
    Launched: 20241021_223702
====================================================================================================

0     |Info:    Found file: kinveth.orp attempting to validate header
0     |Info:    Valid v4 profile found for kinveth
0     |Info:    Found file: off.orp attempting to validate header
0     |Info:    Valid v4 profile found for off
1003  |Info:    ------------------------------------------------------
1003  |Info:    |               Start device detection               |
1003  |Info:    ------------------------------------------------------
1003  |Info:    Initializing HID interfaces: Success
1012  |Info:    ------------------------------------------------------
1012  |Info:    |             Detecting I2C interfaces               |
1012  |Info:    ------------------------------------------------------
1012  |Info:    Registering I2C interface: /dev/i2c-3 Device 10DE:2803 Subsystem: 1043:88F8
1012  |Info:    Registering I2C interface: /dev/i2c-1 Device 10DE:2803 Subsystem: 1043:88F8
1012  |Info:    Registering I2C interface: /dev/i2c-2 Device 10DE:2803 Subsystem: 1043:88F8
1012  |Info:    Registering I2C interface: /dev/i2c-0 Device 10DE:2803 Subsystem: 1043:88F8
1012  |Info:    ------------------------------------------------------
1012  |Info:    |               Detecting I2C devices                |
1012  |Info:    ------------------------------------------------------
1012  |Info:    ------------------------------------------------------
1012  |Info:    |               Detecting I2C PCI devices            |
1012  |Info:    ------------------------------------------------------
1013  |Info:    ------------------------------------------------------
1013  |Info:    |               Detecting HID devices                |
1013  |Info:    ------------------------------------------------------
1187  |Info:    [X570 AORUS ELITE] Registering RGB controller
1241  |Info:    [SteelSeries Rival 600] Registering RGB controller
1272  |Info:    [KLM] Created new Sixty percent ANSI QWERTY with 5 rows and 14 columns containing 61 keys
1272  |Info:    [Razer Huntsman Mini] Registering RGB controller
1331  |Info:    [SteelSeries QCK Prism Cloth XL] Registering RGB controller
1331  |Info:    ------------------------------------------------------
1331  |Info:    |            Detecting libusb HID devices            |
1331  |Info:    ------------------------------------------------------
1479  |Info:    ------------------------------------------------------
1479  |Info:    |              Detecting other devices               |
1479  |Info:    ------------------------------------------------------
1494  |Info:    ------------------------------------------------------
1494  |Info:    |                Detection completed                 |
1494  |Info:    ------------------------------------------------------
