    OpenRGB v0.9
    Commit:  from 
    Launched: 20241009_205802
====================================================================================================

1     |Info:    Found file: kinveth.orp attempting to validate header
1     |Info:    Valid v4 profile found for kinveth
1     |Info:    Found file: off.orp attempting to validate header
2     |Info:    Valid v4 profile found for off
1020  |Info:    ------------------------------------------------------
1020  |Info:    |               Start device detection               |
1020  |Info:    ------------------------------------------------------
1020  |Info:    Initializing HID interfaces: Success
1029  |Info:    ------------------------------------------------------
1029  |Info:    |             Detecting I2C interfaces               |
1029  |Info:    ------------------------------------------------------
1029  |Info:    Registering I2C interface: /dev/i2c-3 Device 10DE:2803 Subsystem: 1043:88F8
1029  |Info:    Registering I2C interface: /dev/i2c-1 Device 10DE:2803 Subsystem: 1043:88F8
1029  |Info:    Registering I2C interface: /dev/i2c-2 Device 10DE:2803 Subsystem: 1043:88F8
1029  |Info:    Registering I2C interface: /dev/i2c-0 Device 10DE:2803 Subsystem: 1043:88F8
1029  |Info:    ------------------------------------------------------
1029  |Info:    |               Detecting I2C devices                |
1029  |Info:    ------------------------------------------------------
1032  |Info:    ------------------------------------------------------
1032  |Info:    |               Detecting I2C PCI devices            |
1032  |Info:    ------------------------------------------------------
1032  |Info:    ------------------------------------------------------
1032  |Info:    |               Detecting HID devices                |
1032  |Info:    ------------------------------------------------------
1206  |Info:    [X570 AORUS ELITE] Registering RGB controller
1261  |Info:    [SteelSeries Rival 600] Registering RGB controller
1263  |Info:    [Logitech G Pro RGB Mechanical Gaming Keyboard] Registering RGB controller
1318  |Info:    [SteelSeries QCK Prism Cloth XL] Registering RGB controller
1318  |Info:    ------------------------------------------------------
1318  |Info:    |            Detecting libusb HID devices            |
1318  |Info:    ------------------------------------------------------
1494  |Info:    ------------------------------------------------------
1494  |Info:    |              Detecting other devices               |
1494  |Info:    ------------------------------------------------------
1513  |Info:    ------------------------------------------------------
1513  |Info:    |                Detection completed                 |
1513  |Info:    ------------------------------------------------------
1513  |Info:    Profile loading: Succeeded for X570 AORUS ELITE @ HID: /dev/hidraw0
1514  |Info:    Profile loading: Succeeded for SteelSeries Rival 600 @ HID: /dev/hidraw1
1514  |Info:    Profile loading: Succeeded for Logitech G Pro RGB Mechanical Gaming Keyboard @ 
1514  |Info:    Profile loading: Succeeded for SteelSeries QCK Prism Cloth XL @ HID: /dev/hidraw6
