    OpenRGB v0.9
    Commit:  from 
    Launched: 20241018_204412
====================================================================================================

0     |Info:    Found file: kinveth.orp attempting to validate header
0     |Info:    Valid v4 profile found for kinveth
0     |Info:    Found file: off.orp attempting to validate header
0     |Info:    Valid v4 profile found for off
1002  |Info:    ------------------------------------------------------
1002  |Info:    |               Start device detection               |
1002  |Info:    ------------------------------------------------------
1002  |Info:    Initializing HID interfaces: Success
1010  |Info:    ------------------------------------------------------
1010  |Info:    |             Detecting I2C interfaces               |
1010  |Info:    ------------------------------------------------------
1011  |Info:    Registering I2C interface: /dev/i2c-3 Device 10DE:2803 Subsystem: 1043:88F8
1011  |Info:    Registering I2C interface: /dev/i2c-1 Device 10DE:2803 Subsystem: 1043:88F8
1011  |Info:    Registering I2C interface: /dev/i2c-2 Device 10DE:2803 Subsystem: 1043:88F8
1011  |Info:    Registering I2C interface: /dev/i2c-0 Device 10DE:2803 Subsystem: 1043:88F8
1011  |Info:    ------------------------------------------------------
1011  |Info:    |               Detecting I2C devices                |
1011  |Info:    ------------------------------------------------------
1011  |Info:    ------------------------------------------------------
1011  |Info:    |               Detecting I2C PCI devices            |
1011  |Info:    ------------------------------------------------------
1011  |Info:    ------------------------------------------------------
1011  |Info:    |               Detecting HID devices                |
1011  |Info:    ------------------------------------------------------
1186  |Info:    [X570 AORUS ELITE] Registering RGB controller
1187  |Info:    [SteelSeries Arctis 5] Registering RGB controller
1246  |Info:    [SteelSeries Rival 600] Registering RGB controller
1246  |Info:    [Logitech G Pro RGB Mechanical Gaming Keyboard] Registering RGB controller
1302  |Info:    [SteelSeries QCK Prism Cloth XL] Registering RGB controller
1302  |Info:    ------------------------------------------------------
1302  |Info:    |            Detecting libusb HID devices            |
1302  |Info:    ------------------------------------------------------
1548  |Info:    ------------------------------------------------------
1548  |Info:    |              Detecting other devices               |
1548  |Info:    ------------------------------------------------------
1567  |Info:    ------------------------------------------------------
1567  |Info:    |                Detection completed                 |
1567  |Info:    ------------------------------------------------------
1567  |Info:    Profile loading: Succeeded for X570 AORUS ELITE @ HID: /dev/hidraw0
1567  |Info:    Profile loading: FAILED! for SteelSeries Arctis 5 @ HID: /dev/hidraw4
1567  |Info:    Profile loading: Succeeded for SteelSeries Rival 600 @ HID: /dev/hidraw1
1567  |Info:    Profile loading: Succeeded for Logitech G Pro RGB Mechanical Gaming Keyboard @ 
1567  |Info:    Profile loading: Succeeded for SteelSeries QCK Prism Cloth XL @ HID: /dev/hidraw8
