    OpenRGB v0.9
    Commit:  from 
    Launched: 20241012_171943
====================================================================================================

2     |Info:    Found file: kinveth.orp attempting to validate header
2     |Info:    Valid v4 profile found for kinveth
2     |Info:    Found file: off.orp attempting to validate header
2     |Info:    Valid v4 profile found for off
1022  |Info:    ------------------------------------------------------
1022  |Info:    |               Start device detection               |
1022  |Info:    ------------------------------------------------------
1022  |Info:    Initializing HID interfaces: Success
1030  |Info:    ------------------------------------------------------
1030  |Info:    |             Detecting I2C interfaces               |
1030  |Info:    ------------------------------------------------------
1030  |Info:    Registering I2C interface: /dev/i2c-3 Device 10DE:2803 Subsystem: 1043:88F8
1030  |Info:    Registering I2C interface: /dev/i2c-1 Device 10DE:2803 Subsystem: 1043:88F8
1030  |Info:    Registering I2C interface: /dev/i2c-2 Device 10DE:2803 Subsystem: 1043:88F8
1030  |Info:    Registering I2C interface: /dev/i2c-0 Device 10DE:2803 Subsystem: 1043:88F8
1030  |Info:    ------------------------------------------------------
1030  |Info:    |               Detecting I2C devices                |
1030  |Info:    ------------------------------------------------------
1032  |Info:    ------------------------------------------------------
1033  |Info:    |               Detecting I2C PCI devices            |
1033  |Info:    ------------------------------------------------------
1033  |Info:    ------------------------------------------------------
1033  |Info:    |               Detecting HID devices                |
1033  |Info:    ------------------------------------------------------
1207  |Info:    [X570 AORUS ELITE] Registering RGB controller
1263  |Info:    [SteelSeries Rival 600] Registering RGB controller
1264  |Info:    [Logitech G Pro RGB Mechanical Gaming Keyboard] Registering RGB controller
1319  |Info:    [SteelSeries QCK Prism Cloth XL] Registering RGB controller
1319  |Info:    ------------------------------------------------------
1319  |Info:    |            Detecting libusb HID devices            |
1319  |Info:    ------------------------------------------------------
1491  |Info:    ------------------------------------------------------
1491  |Info:    |              Detecting other devices               |
1491  |Info:    ------------------------------------------------------
1507  |Info:    ------------------------------------------------------
1507  |Info:    |                Detection completed                 |
1507  |Info:    ------------------------------------------------------
1507  |Info:    Profile loading: Succeeded for X570 AORUS ELITE @ HID: /dev/hidraw0
1507  |Info:    Profile loading: Succeeded for SteelSeries Rival 600 @ HID: /dev/hidraw1
1507  |Info:    Profile loading: Succeeded for Logitech G Pro RGB Mechanical Gaming Keyboard @ 
1507  |Info:    Profile loading: Succeeded for SteelSeries QCK Prism Cloth XL @ HID: /dev/hidraw6
