    OpenRGB v0.9
    Commit:  from 
    Launched: 20241016_165738
====================================================================================================

0     |Info:    Found file: kinveth.orp attempting to validate header
0     |Info:    Valid v4 profile found for kinveth
0     |Info:    Found file: off.orp attempting to validate header
0     |Info:    Valid v4 profile found for off
1002  |Info:    ------------------------------------------------------
1002  |Info:    |               Start device detection               |
1002  |Info:    ------------------------------------------------------
1002  |Info:    Initializing HID interfaces: Success
1011  |Info:    ------------------------------------------------------
1011  |Info:    |             Detecting I2C interfaces               |
1011  |Info:    ------------------------------------------------------
1011  |Info:    Registering I2C interface: /dev/i2c-3 Device 10DE:2803 Subsystem: 1043:88F8
1011  |Info:    Registering I2C interface: /dev/i2c-1 Device 10DE:2803 Subsystem: 1043:88F8
1011  |Info:    Registering I2C interface: /dev/i2c-2 Device 10DE:2803 Subsystem: 1043:88F8
1011  |Info:    Registering I2C interface: /dev/i2c-0 Device 10DE:2803 Subsystem: 1043:88F8
1011  |Info:    ------------------------------------------------------
1011  |Info:    |               Detecting I2C devices                |
1011  |Info:    ------------------------------------------------------
1011  |Info:    ------------------------------------------------------
1011  |Info:    |               Detecting I2C PCI devices            |
1011  |Info:    ------------------------------------------------------
1012  |Info:    ------------------------------------------------------
1012  |Info:    |               Detecting HID devices                |
1012  |Info:    ------------------------------------------------------
1184  |Info:    [X570 AORUS ELITE] Registering RGB controller
1185  |Info:    [SteelSeries Arctis 5] Registering RGB controller
1240  |Info:    [SteelSeries Rival 600] Registering RGB controller
1241  |Info:    [Logitech G Pro RGB Mechanical Gaming Keyboard] Registering RGB controller
1297  |Info:    [SteelSeries QCK Prism Cloth XL] Registering RGB controller
1297  |Info:    ------------------------------------------------------
1297  |Info:    |            Detecting libusb HID devices            |
1297  |Info:    ------------------------------------------------------
1543  |Info:    ------------------------------------------------------
1543  |Info:    |              Detecting other devices               |
1543  |Info:    ------------------------------------------------------
1553  |Info:    ------------------------------------------------------
1553  |Info:    |                Detection completed                 |
1553  |Info:    ------------------------------------------------------
1553  |Info:    Profile loading: Succeeded for X570 AORUS ELITE @ HID: /dev/hidraw0
1553  |Info:    Profile loading: FAILED! for SteelSeries Arctis 5 @ HID: /dev/hidraw4
1553  |Info:    Profile loading: Succeeded for SteelSeries Rival 600 @ HID: /dev/hidraw1
1553  |Info:    Profile loading: Succeeded for Logitech G Pro RGB Mechanical Gaming Keyboard @ 
1553  |Info:    Profile loading: Succeeded for SteelSeries QCK Prism Cloth XL @ HID: /dev/hidraw7
