    OpenRGB v0.9
    Commit:  from 
    Launched: 20240929_193634
====================================================================================================

0     |Info:    Found file: kinveth.orp attempting to validate header
1     |Info:    Valid v4 profile found for kinveth
1     |Info:    Found file: off.orp attempting to validate header
2     |Info:    Valid v4 profile found for off
1020  |Info:    ------------------------------------------------------
1020  |Info:    |               Start device detection               |
1020  |Info:    ------------------------------------------------------
1020  |Info:    Initializing HID interfaces: Success
1030  |Info:    ------------------------------------------------------
1030  |Info:    |             Detecting I2C interfaces               |
1030  |Info:    ------------------------------------------------------
1030  |Info:    Registering I2C interface: /dev/i2c-3 Device 10DE:2803 Subsystem: 1043:88F8
1030  |Info:    Registering I2C interface: /dev/i2c-1 Device 10DE:2803 Subsystem: 1043:88F8
1031  |Info:    Registering I2C interface: /dev/i2c-2 Device 10DE:2803 Subsystem: 1043:88F8
1031  |Info:    Registering I2C interface: /dev/i2c-0 Device 10DE:2803 Subsystem: 1043:88F8
1031  |Info:    ------------------------------------------------------
1031  |Info:    |               Detecting I2C devices                |
1031  |Info:    ------------------------------------------------------
1033  |Info:    ------------------------------------------------------
1033  |Info:    |               Detecting I2C PCI devices            |
1033  |Info:    ------------------------------------------------------
1033  |Info:    ------------------------------------------------------
1033  |Info:    |               Detecting HID devices                |
1033  |Info:    ------------------------------------------------------
1206  |Info:    [X570 AORUS ELITE] Registering RGB controller
1236  |Info:    [KLM] Created new Sixty percent ANSI QWERTY with 5 rows and 14 columns containing 61 keys
1236  |Info:    [Razer Huntsman Mini] Registering RGB controller
1291  |Info:    [SteelSeries Rival 600] Registering RGB controller
1293  |Info:    [Logitech G Pro RGB Mechanical Gaming Keyboard] Registering RGB controller
1348  |Info:    [SteelSeries QCK Prism Cloth XL] Registering RGB controller
1348  |Info:    ------------------------------------------------------
1348  |Info:    |            Detecting libusb HID devices            |
1348  |Info:    ------------------------------------------------------
1632  |Info:    ------------------------------------------------------
1632  |Info:    |              Detecting other devices               |
1632  |Info:    ------------------------------------------------------
1655  |Info:    ------------------------------------------------------
1655  |Info:    |                Detection completed                 |
1655  |Info:    ------------------------------------------------------
1655  |Info:    Profile loading: Succeeded for X570 AORUS ELITE @ HID: /dev/hidraw0
1655  |Info:    Profile loading: FAILED! for Razer Huntsman Mini @ HID: /dev/hidraw6
1655  |Info:    Profile loading: Succeeded for SteelSeries Rival 600 @ HID: /dev/hidraw1
1655  |Info:    Profile loading: Succeeded for Logitech G Pro RGB Mechanical Gaming Keyboard @ 
1655  |Info:    Profile loading: Succeeded for SteelSeries QCK Prism Cloth XL @ HID: /dev/hidraw10
