    OpenRGB v0.9
    Commit:  from 
    Launched: 20240929_140603
====================================================================================================

0     |Info:    Found file: kinveth.orp attempting to validate header
1     |Info:    Valid v4 profile found for kinveth
1     |Info:    Found file: off.orp attempting to validate header
2     |Info:    Valid v4 profile found for off
1020  |Info:    ------------------------------------------------------
1021  |Info:    |               Start device detection               |
1021  |Info:    ------------------------------------------------------
1021  |Info:    Initializing HID interfaces: Success
1027  |Info:    ------------------------------------------------------
1027  |Info:    |             Detecting I2C interfaces               |
1027  |Info:    ------------------------------------------------------
1027  |Info:    Registering I2C interface: /dev/i2c-3 Device 10DE:2803 Subsystem: 1043:88F8
1027  |Info:    Registering I2C interface: /dev/i2c-1 Device 10DE:2803 Subsystem: 1043:88F8
1027  |Info:    Registering I2C interface: /dev/i2c-2 Device 10DE:2803 Subsystem: 1043:88F8
1027  |Info:    Registering I2C interface: /dev/i2c-0 Device 10DE:2803 Subsystem: 1043:88F8
1027  |Info:    ------------------------------------------------------
1027  |Info:    |               Detecting I2C devices                |
1027  |Info:    ------------------------------------------------------
1030  |Info:    ------------------------------------------------------
1030  |Info:    |               Detecting I2C PCI devices            |
1030  |Info:    ------------------------------------------------------
1030  |Info:    ------------------------------------------------------
1030  |Info:    |               Detecting HID devices                |
1030  |Info:    ------------------------------------------------------
1203  |Info:    [X570 AORUS ELITE] Registering RGB controller
1258  |Info:    [SteelSeries Rival 600] Registering RGB controller
1260  |Info:    [Logitech G Pro RGB Mechanical Gaming Keyboard] Registering RGB controller
1315  |Info:    [SteelSeries QCK Prism Cloth XL] Registering RGB controller
1315  |Info:    ------------------------------------------------------
1315  |Info:    |            Detecting libusb HID devices            |
1315  |Info:    ------------------------------------------------------
1491  |Info:    ------------------------------------------------------
1491  |Info:    |              Detecting other devices               |
1491  |Info:    ------------------------------------------------------
1511  |Info:    ------------------------------------------------------
1511  |Info:    |                Detection completed                 |
1511  |Info:    ------------------------------------------------------
1511  |Info:    Profile loading: Succeeded for X570 AORUS ELITE @ HID: /dev/hidraw0
1511  |Info:    Profile loading: Succeeded for SteelSeries Rival 600 @ HID: /dev/hidraw1
1511  |Info:    Profile loading: Succeeded for Logitech G Pro RGB Mechanical Gaming Keyboard @ 
1511  |Info:    Profile loading: Succeeded for SteelSeries QCK Prism Cloth XL @ HID: /dev/hidraw6
