    OpenRGB v0.9
    Commit:  from 
    Launched: 20241021_223537
====================================================================================================

0     |Info:    Found file: kinveth.orp attempting to validate header
1     |Info:    Valid v4 profile found for kinveth
1     |Info:    Found file: off.orp attempting to validate header
1     |Info:    Valid v4 profile found for off
1024  |Info:    ------------------------------------------------------
1024  |Info:    |               Start device detection               |
1024  |Info:    ------------------------------------------------------
1024  |Info:    Initializing HID interfaces: Success
1031  |Info:    ------------------------------------------------------
1031  |Info:    |             Detecting I2C interfaces               |
1031  |Info:    ------------------------------------------------------
1032  |Info:    Registering I2C interface: /dev/i2c-3 Device 10DE:2803 Subsystem: 1043:88F8
1032  |Info:    Registering I2C interface: /dev/i2c-1 Device 10DE:2803 Subsystem: 1043:88F8
1032  |Info:    Registering I2C interface: /dev/i2c-2 Device 10DE:2803 Subsystem: 1043:88F8
1032  |Info:    Registering I2C interface: /dev/i2c-0 Device 10DE:2803 Subsystem: 1043:88F8
1032  |Info:    ------------------------------------------------------
1032  |Info:    |               Detecting I2C devices                |
1032  |Info:    ------------------------------------------------------
1034  |Info:    ------------------------------------------------------
1034  |Info:    |               Detecting I2C PCI devices            |
1034  |Info:    ------------------------------------------------------
1035  |Info:    ------------------------------------------------------
1035  |Info:    |               Detecting HID devices                |
1035  |Info:    ------------------------------------------------------
1208  |Info:    [X570 AORUS ELITE] Registering RGB controller
1263  |Info:    [SteelSeries Rival 600] Registering RGB controller
1293  |Info:    [KLM] Created new Sixty percent ANSI QWERTY with 5 rows and 14 columns containing 61 keys
1293  |Info:    [Razer Huntsman Mini] Registering RGB controller
1349  |Info:    [SteelSeries QCK Prism Cloth XL] Registering RGB controller
1349  |Info:    ------------------------------------------------------
1349  |Info:    |            Detecting libusb HID devices            |
1349  |Info:    ------------------------------------------------------
1570  |Info:    ------------------------------------------------------
1570  |Info:    |              Detecting other devices               |
1570  |Info:    ------------------------------------------------------
1581  |Info:    ------------------------------------------------------
1581  |Info:    |                Detection completed                 |
1581  |Info:    ------------------------------------------------------
1582  |Info:    Profile loading: Succeeded for X570 AORUS ELITE @ HID: /dev/hidraw0
1582  |Info:    Profile loading: Succeeded for SteelSeries Rival 600 @ HID: /dev/hidraw1
1582  |Info:    Profile loading: FAILED! for Razer Huntsman Mini @ HID: /dev/hidraw6
1582  |Info:    Profile loading: Succeeded for SteelSeries QCK Prism Cloth XL @ HID: /dev/hidraw8
