    OpenRGB v0.9
    Commit:  from 
    Launched: 20240927_205523
====================================================================================================

1016  |Info:    Saving detector settings
1018  |Info:    ------------------------------------------------------
1018  |Info:    |               Start device detection               |
1018  |Info:    ------------------------------------------------------
1018  |Info:    Initializing HID interfaces: Success
1028  |Info:    ------------------------------------------------------
1028  |Info:    |             Detecting I2C interfaces               |
1028  |Info:    ------------------------------------------------------
1028  |Info:    Registering I2C interface: /dev/i2c-3 Device 10DE:2803 Subsystem: 1043:88F8
1028  |Info:    Registering I2C interface: /dev/i2c-1 Device 10DE:2803 Subsystem: 1043:88F8
1028  |Info:    Registering I2C interface: /dev/i2c-2 Device 10DE:2803 Subsystem: 1043:88F8
1028  |Info:    Registering I2C interface: /dev/i2c-0 Device 10DE:2803 Subsystem: 1043:88F8
1028  |Info:    ------------------------------------------------------
1028  |Info:    |               Detecting I2C devices                |
1028  |Info:    ------------------------------------------------------
1031  |Info:    ------------------------------------------------------
1031  |Info:    |               Detecting I2C PCI devices            |
1031  |Info:    ------------------------------------------------------
1031  |Info:    ------------------------------------------------------
1031  |Info:    |               Detecting HID devices                |
1031  |Info:    ------------------------------------------------------
1205  |Info:    [X570 AORUS ELITE] Registering RGB controller
1260  |Info:    [SteelSeries Rival 600] Registering RGB controller
1262  |Info:    [Logitech G Pro RGB Mechanical Gaming Keyboard] Registering RGB controller
1317  |Info:    [SteelSeries QCK Prism Cloth XL] Registering RGB controller
1317  |Info:    ------------------------------------------------------
1317  |Info:    |            Detecting libusb HID devices            |
1317  |Info:    ------------------------------------------------------
1437  |Info:    ------------------------------------------------------
1437  |Info:    |              Detecting other devices               |
1437  |Info:    ------------------------------------------------------
1455  |Info:    ------------------------------------------------------
1455  |Info:    |                Detection completed                 |
1455  |Info:    ------------------------------------------------------
1342811|Info:    Found file: kinveth.orp attempting to validate header
1342811|Info:    Valid v4 profile found for kinveth
1354350|Info:    Found file: kinveth.orp attempting to validate header
1354350|Info:    Valid v4 profile found for kinveth
1367098|Info:    Found file: kinveth.orp attempting to validate header
1367098|Info:    Valid v4 profile found for kinveth
1367098|Info:    Found file: off.orp attempting to validate header
1367098|Info:    Valid v4 profile found for off
1373971|Info:    Found file: kinveth.orp attempting to validate header
1373971|Info:    Valid v4 profile found for kinveth
1373971|Info:    Found file: off.orp attempting to validate header
1373971|Info:    Valid v4 profile found for off
