    OpenRGB v0.9
    Commit:  from 
    Launched: 20241011_060040
====================================================================================================

0     |Info:    Found file: kinveth.orp attempting to validate header
0     |Info:    Valid v4 profile found for kinveth
0     |Info:    Found file: off.orp attempting to validate header
0     |Info:    Valid v4 profile found for off
1002  |Info:    ------------------------------------------------------
1002  |Info:    |               Start device detection               |
1002  |Info:    ------------------------------------------------------
1002  |Info:    Initializing HID interfaces: Success
1010  |Info:    ------------------------------------------------------
1010  |Info:    |             Detecting I2C interfaces               |
1010  |Info:    ------------------------------------------------------
1010  |Info:    Registering I2C interface: /dev/i2c-3 Device 10DE:2803 Subsystem: 1043:88F8
1010  |Info:    Registering I2C interface: /dev/i2c-1 Device 10DE:2803 Subsystem: 1043:88F8
1010  |Info:    Registering I2C interface: /dev/i2c-2 Device 10DE:2803 Subsystem: 1043:88F8
1010  |Info:    Registering I2C interface: /dev/i2c-0 Device 10DE:2803 Subsystem: 1043:88F8
1010  |Info:    ------------------------------------------------------
1010  |Info:    |               Detecting I2C devices                |
1010  |Info:    ------------------------------------------------------
1010  |Info:    ------------------------------------------------------
1010  |Info:    |               Detecting I2C PCI devices            |
1010  |Info:    ------------------------------------------------------
1011  |Info:    ------------------------------------------------------
1011  |Info:    |               Detecting HID devices                |
1011  |Info:    ------------------------------------------------------
1184  |Info:    [X570 AORUS ELITE] Registering RGB controller
1239  |Info:    [SteelSeries Rival 600] Registering RGB controller
1239  |Info:    [Logitech G Pro RGB Mechanical Gaming Keyboard] Registering RGB controller
1299  |Info:    [SteelSeries QCK Prism Cloth XL] Registering RGB controller
1299  |Info:    ------------------------------------------------------
1299  |Info:    |            Detecting libusb HID devices            |
1299  |Info:    ------------------------------------------------------
1471  |Info:    ------------------------------------------------------
1471  |Info:    |              Detecting other devices               |
1471  |Info:    ------------------------------------------------------
1487  |Info:    ------------------------------------------------------
1487  |Info:    |                Detection completed                 |
1487  |Info:    ------------------------------------------------------
1488  |Info:    Profile loading: Succeeded for X570 AORUS ELITE @ HID: /dev/hidraw0
1488  |Info:    Profile loading: Succeeded for SteelSeries Rival 600 @ HID: /dev/hidraw1
1488  |Info:    Profile loading: Succeeded for Logitech G Pro RGB Mechanical Gaming Keyboard @ 
1488  |Info:    Profile loading: Succeeded for SteelSeries QCK Prism Cloth XL @ HID: /dev/hidraw6
