    OpenRGB v0.9
    Commit:  from 
    Launched: 20241021_223548
====================================================================================================

0     |Info:    Found file: kinveth.orp attempting to validate header
0     |Info:    Valid v4 profile found for kinveth
0     |Info:    Found file: off.orp attempting to validate header
0     |Info:    Valid v4 profile found for off
1003  |Info:    ------------------------------------------------------
1003  |Info:    |               Start device detection               |
1003  |Info:    ------------------------------------------------------
1003  |Info:    Initializing HID interfaces: Success
1013  |Info:    ------------------------------------------------------
1013  |Info:    |             Detecting I2C interfaces               |
1013  |Info:    ------------------------------------------------------
1013  |Info:    Registering I2C interface: /dev/i2c-3 Device 10DE:2803 Subsystem: 1043:88F8
1013  |Info:    Registering I2C interface: /dev/i2c-1 Device 10DE:2803 Subsystem: 1043:88F8
1013  |Info:    Registering I2C interface: /dev/i2c-2 Device 10DE:2803 Subsystem: 1043:88F8
1013  |Info:    Registering I2C interface: /dev/i2c-0 Device 10DE:2803 Subsystem: 1043:88F8
1013  |Info:    ------------------------------------------------------
1013  |Info:    |               Detecting I2C devices                |
1013  |Info:    ------------------------------------------------------
1013  |Info:    ------------------------------------------------------
1013  |Info:    |               Detecting I2C PCI devices            |
1013  |Info:    ------------------------------------------------------
1014  |Info:    ------------------------------------------------------
1014  |Info:    |               Detecting HID devices                |
1014  |Info:    ------------------------------------------------------
1186  |Info:    [X570 AORUS ELITE] Registering RGB controller
1242  |Info:    [SteelSeries Rival 600] Registering RGB controller
1273  |Info:    [KLM] Created new Sixty percent ANSI QWERTY with 5 rows and 14 columns containing 61 keys
1273  |Info:    [Razer Huntsman Mini] Registering RGB controller
1332  |Info:    [SteelSeries QCK Prism Cloth XL] Registering RGB controller
1332  |Info:    ------------------------------------------------------
1332  |Info:    |            Detecting libusb HID devices            |
1332  |Info:    ------------------------------------------------------
1558  |Info:    ------------------------------------------------------
1558  |Info:    |              Detecting other devices               |
1558  |Info:    ------------------------------------------------------
1575  |Info:    ------------------------------------------------------
1575  |Info:    |                Detection completed                 |
1575  |Info:    ------------------------------------------------------
1575  |Info:    Profile loading: Succeeded for X570 AORUS ELITE @ HID: /dev/hidraw0
1575  |Info:    Profile loading: Succeeded for SteelSeries Rival 600 @ HID: /dev/hidraw1
1575  |Info:    Profile loading: FAILED! for Razer Huntsman Mini @ HID: /dev/hidraw6
1575  |Info:    Profile loading: Succeeded for SteelSeries QCK Prism Cloth XL @ HID: /dev/hidraw8
