    OpenRGB v0.9
    Commit:  from 
    Launched: 20240927_232908
====================================================================================================

1     |Info:    Found file: kinveth.orp attempting to validate header
1     |Info:    Valid v4 profile found for kinveth
1     |Info:    Found file: off.orp attempting to validate header
1     |Info:    Valid v4 profile found for off
1020  |Info:    ------------------------------------------------------
1020  |Info:    |               Start device detection               |
1020  |Info:    ------------------------------------------------------
1020  |Info:    Initializing HID interfaces: Success
1028  |Info:    ------------------------------------------------------
1028  |Info:    |             Detecting I2C interfaces               |
1028  |Info:    ------------------------------------------------------
1028  |Info:    Registering I2C interface: /dev/i2c-3 Device 10DE:2803 Subsystem: 1043:88F8
1028  |Info:    Registering I2C interface: /dev/i2c-1 Device 10DE:2803 Subsystem: 1043:88F8
1028  |Info:    Registering I2C interface: /dev/i2c-2 Device 10DE:2803 Subsystem: 1043:88F8
1028  |Info:    Registering I2C interface: /dev/i2c-0 Device 10DE:2803 Subsystem: 1043:88F8
1028  |Info:    ------------------------------------------------------
1028  |Info:    |               Detecting I2C devices                |
1028  |Info:    ------------------------------------------------------
1031  |Info:    ------------------------------------------------------
1031  |Info:    |               Detecting I2C PCI devices            |
1031  |Info:    ------------------------------------------------------
1031  |Info:    ------------------------------------------------------
1031  |Info:    |               Detecting HID devices                |
1031  |Info:    ------------------------------------------------------
1205  |Info:    [X570 AORUS ELITE] Registering RGB controller
1261  |Info:    [SteelSeries Rival 600] Registering RGB controller
1262  |Info:    [Logitech G Pro RGB Mechanical Gaming Keyboard] Registering RGB controller
1316  |Info:    [SteelSeries QCK Prism Cloth XL] Registering RGB controller
1316  |Info:    ------------------------------------------------------
1316  |Info:    |            Detecting libusb HID devices            |
1316  |Info:    ------------------------------------------------------
1490  |Info:    ------------------------------------------------------
1490  |Info:    |              Detecting other devices               |
1490  |Info:    ------------------------------------------------------
1509  |Info:    ------------------------------------------------------
1509  |Info:    |                Detection completed                 |
1509  |Info:    ------------------------------------------------------
1509  |Info:    Profile loading: Succeeded for X570 AORUS ELITE @ HID: /dev/hidraw0
1509  |Info:    Profile loading: Succeeded for SteelSeries Rival 600 @ HID: /dev/hidraw1
1509  |Info:    Profile loading: Succeeded for Logitech G Pro RGB Mechanical Gaming Keyboard @ 
1509  |Info:    Profile loading: Succeeded for SteelSeries QCK Prism Cloth XL @ HID: /dev/hidraw6
